{"D:/projects/react-test-manager/src/features/ai-lab/ai-lab.assets.ts": {"path":"D:/projects/react-test-manager/src/features/ai-lab/ai-lab.assets.ts","statementMap":{"0":{"start":{"line":5,"column":34},"end":{"line":10,"column":null}}},"fnMap":{},"branchMap":{},"s":{"0":4},"f":{},"b":{}}
,"D:/projects/react-test-manager/src/features/ai-lab/api/ai-lab.models.ts": {"path":"D:/projects/react-test-manager/src/features/ai-lab/api/ai-lab.models.ts","statementMap":{"0":{"start":{"line":24,"column":31},"end":{"line":24,"column":null}},"1":{"start":{"line":26,"column":33},"end":{"line":26,"column":null}},"2":{"start":{"line":27,"column":38},"end":{"line":27,"column":null}},"3":{"start":{"line":28,"column":42},"end":{"line":28,"column":null}},"4":{"start":{"line":30,"column":42},"end":{"line":30,"column":null}},"5":{"start":{"line":33,"column":2},"end":{"line":33,"column":null}},"6":{"start":{"line":45,"column":2},"end":{"line":45,"column":null}},"7":{"start":{"line":49,"column":2},"end":{"line":51,"column":null}},"8":{"start":{"line":50,"column":4},"end":{"line":50,"column":null}},"9":{"start":{"line":54,"column":4},"end":{"line":56,"column":null}},"10":{"start":{"line":57,"column":17},"end":{"line":57,"column":null}},"11":{"start":{"line":59,"column":2},"end":{"line":61,"column":null}},"12":{"start":{"line":60,"column":4},"end":{"line":60,"column":null}},"13":{"start":{"line":63,"column":2},"end":{"line":65,"column":null}},"14":{"start":{"line":64,"column":4},"end":{"line":64,"column":null}},"15":{"start":{"line":67,"column":2},"end":{"line":67,"column":null}},"16":{"start":{"line":74,"column":2},"end":{"line":76,"column":null}},"17":{"start":{"line":75,"column":4},"end":{"line":75,"column":null}},"18":{"start":{"line":78,"column":18},"end":{"line":78,"column":null}},"19":{"start":{"line":79,"column":2},"end":{"line":79,"column":null}},"20":{"start":{"line":83,"column":26},"end":{"line":83,"column":null}},"21":{"start":{"line":84,"column":2},"end":{"line":84,"column":null}},"22":{"start":{"line":88,"column":2},"end":{"line":88,"column":null}},"23":{"start":{"line":88,"column":45},"end":{"line":88,"column":null}},"24":{"start":{"line":89,"column":2},"end":{"line":89,"column":null}},"25":{"start":{"line":89,"column":45},"end":{"line":89,"column":null}},"26":{"start":{"line":90,"column":2},"end":{"line":90,"column":null}},"27":{"start":{"line":90,"column":43},"end":{"line":90,"column":null}},"28":{"start":{"line":91,"column":2},"end":{"line":91,"column":null}}},"fnMap":{"0":{"name":"isOpenAiQuotaExceeded","decl":{"start":{"line":41,"column":16},"end":{"line":41,"column":null}},"loc":{"start":{"line":44,"column":11},"end":{"line":46,"column":null}}},"1":{"name":"resolveAiLabApiErrorMessage","decl":{"start":{"line":48,"column":16},"end":{"line":48,"column":44}},"loc":{"start":{"line":48,"column":75},"end":{"line":68,"column":null}}},"2":{"name":"parseRealtimeAssistantMessage","decl":{"start":{"line":70,"column":16},"end":{"line":70,"column":46}},"loc":{"start":{"line":73,"column":18},"end":{"line":80,"column":null}}},"3":{"name":"extractFilenameFromUrl","decl":{"start":{"line":82,"column":16},"end":{"line":82,"column":39}},"loc":{"start":{"line":82,"column":65},"end":{"line":85,"column":null}}},"4":{"name":"resolvePromptFormMode","decl":{"start":{"line":87,"column":16},"end":{"line":87,"column":38}},"loc":{"start":{"line":87,"column":72},"end":{"line":92,"column":null}}}},"branchMap":{"0":{"loc":{"start":{"line":45,"column":9},"end":{"line":45,"column":null}},"type":"binary-expr","locations":[{"start":{"line":45,"column":9},"end":{"line":45,"column":27}},{"start":{"line":45,"column":27},"end":{"line":45,"column":null}}]},"1":{"loc":{"start":{"line":49,"column":2},"end":{"line":51,"column":null}},"type":"if","locations":[{"start":{"line":49,"column":2},"end":{"line":51,"column":null}},{"start":{},"end":{}}]},"2":{"loc":{"start":{"line":54,"column":4},"end":{"line":56,"column":null}},"type":"cond-expr","locations":[{"start":{"line":55,"column":9},"end":{"line":55,"column":null}},{"start":{"line":56,"column":8},"end":{"line":56,"column":null}}]},"3":{"loc":{"start":{"line":54,"column":4},"end":{"line":54,"column":null}},"type":"binary-expr","locations":[{"start":{"line":54,"column":4},"end":{"line":54,"column":48}},{"start":{"line":54,"column":48},"end":{"line":54,"column":null}}]},"4":{"loc":{"start":{"line":59,"column":2},"end":{"line":61,"column":null}},"type":"if","locations":[{"start":{"line":59,"column":2},"end":{"line":61,"column":null}},{"start":{},"end":{}}]},"5":{"loc":{"start":{"line":63,"column":2},"end":{"line":65,"column":null}},"type":"if","locations":[{"start":{"line":63,"column":2},"end":{"line":65,"column":null}},{"start":{},"end":{}}]},"6":{"loc":{"start":{"line":74,"column":2},"end":{"line":76,"column":null}},"type":"if","locations":[{"start":{"line":74,"column":2},"end":{"line":76,"column":null}},{"start":{},"end":{}}]},"7":{"loc":{"start":{"line":79,"column":9},"end":{"line":79,"column":null}},"type":"binary-expr","locations":[{"start":{"line":79,"column":9},"end":{"line":79,"column":32}},{"start":{"line":79,"column":32},"end":{"line":79,"column":49}},{"start":{"line":79,"column":49},"end":{"line":79,"column":null}}]},"8":{"loc":{"start":{"line":83,"column":26},"end":{"line":83,"column":null}},"type":"binary-expr","locations":[{"start":{"line":83,"column":26},"end":{"line":83,"column":55}},{"start":{"line":83,"column":55},"end":{"line":83,"column":null}}]},"9":{"loc":{"start":{"line":88,"column":2},"end":{"line":88,"column":null}},"type":"if","locations":[{"start":{"line":88,"column":2},"end":{"line":88,"column":null}},{"start":{},"end":{}}]},"10":{"loc":{"start":{"line":89,"column":2},"end":{"line":89,"column":null}},"type":"if","locations":[{"start":{"line":89,"column":2},"end":{"line":89,"column":null}},{"start":{},"end":{}}]},"11":{"loc":{"start":{"line":90,"column":2},"end":{"line":90,"column":null}},"type":"if","locations":[{"start":{"line":90,"column":2},"end":{"line":90,"column":null}},{"start":{},"end":{}}]}},"s":{"0":11,"1":11,"2":11,"3":11,"4":11,"5":11,"6":6,"7":12,"8":1,"9":11,"10":11,"11":11,"12":8,"13":3,"14":2,"15":1,"16":7,"17":2,"18":5,"19":5,"20":8,"21":8,"22":179,"23":35,"24":144,"25":32,"26":112,"27":43,"28":69},"f":{"0":6,"1":12,"2":7,"3":8,"4":179},"b":{"0":[6,4],"1":[1,11],"2":[5,6],"3":[11,5],"4":[8,3],"5":[2,1],"6":[2,5],"7":[5,3,2],"8":[8,1],"9":[35,144],"10":[32,112],"11":[43,69]}}
,"D:/projects/react-test-manager/src/features/ai-lab/api/chat.ts": {"path":"D:/projects/react-test-manager/src/features/ai-lab/api/chat.ts","statementMap":{"0":{"start":{"line":8,"column":19},"end":{"line":11,"column":null}},"1":{"start":{"line":12,"column":2},"end":{"line":12,"column":null}},"2":{"start":{"line":16,"column":19},"end":{"line":18,"column":null}},"3":{"start":{"line":19,"column":2},"end":{"line":19,"column":null}},"4":{"start":{"line":23,"column":19},"end":{"line":25,"column":null}},"5":{"start":{"line":26,"column":2},"end":{"line":26,"column":null}}},"fnMap":{"0":{"name":"sendChatMessage","decl":{"start":{"line":4,"column":22},"end":{"line":4,"column":null}},"loc":{"start":{"line":7,"column":30},"end":{"line":13,"column":null}}},"1":{"name":"uploadVisionImages","decl":{"start":{"line":15,"column":22},"end":{"line":15,"column":41}},"loc":{"start":{"line":15,"column":91},"end":{"line":20,"column":null}}},"2":{"name":"deleteVisionImage","decl":{"start":{"line":22,"column":22},"end":{"line":22,"column":40}},"loc":{"start":{"line":22,"column":76},"end":{"line":27,"column":null}}}},"branchMap":{},"s":{"0":5,"1":4,"2":4,"3":3,"4":4,"5":3},"f":{"0":5,"1":4,"2":4},"b":{}}
,"D:/projects/react-test-manager/src/features/ai-lab/api/image.ts": {"path":"D:/projects/react-test-manager/src/features/ai-lab/api/image.ts","statementMap":{"0":{"start":{"line":5,"column":19},"end":{"line":5,"column":null}},"1":{"start":{"line":6,"column":2},"end":{"line":6,"column":null}},"2":{"start":{"line":10,"column":19},"end":{"line":14,"column":null}},"3":{"start":{"line":15,"column":2},"end":{"line":15,"column":null}}},"fnMap":{"0":{"name":"generateImage","decl":{"start":{"line":4,"column":22},"end":{"line":4,"column":36}},"loc":{"start":{"line":4,"column":82},"end":{"line":7,"column":null}}},"1":{"name":"downloadImage","decl":{"start":{"line":9,"column":22},"end":{"line":9,"column":36}},"loc":{"start":{"line":9,"column":69},"end":{"line":16,"column":null}}}},"branchMap":{},"s":{"0":5,"1":4,"2":4,"3":3},"f":{"0":5,"1":4},"b":{}}
,"D:/projects/react-test-manager/src/features/ai-lab/api/realtime.ts": {"path":"D:/projects/react-test-manager/src/features/ai-lab/api/realtime.ts","statementMap":{"0":{"start":{"line":5,"column":19},"end":{"line":5,"column":null}},"1":{"start":{"line":6,"column":2},"end":{"line":6,"column":null}}},"fnMap":{"0":{"name":"fetchRealtimeToken","decl":{"start":{"line":4,"column":22},"end":{"line":4,"column":75}},"loc":{"start":{"line":4,"column":75},"end":{"line":7,"column":null}}}},"branchMap":{},"s":{"0":6,"1":5},"f":{"0":6},"b":{}}
,"D:/projects/react-test-manager/src/features/ai-lab/api/voice.ts": {"path":"D:/projects/react-test-manager/src/features/ai-lab/api/voice.ts","statementMap":{"0":{"start":{"line":5,"column":19},"end":{"line":5,"column":null}},"1":{"start":{"line":6,"column":2},"end":{"line":6,"column":null}}},"fnMap":{"0":{"name":"generateVoice","decl":{"start":{"line":4,"column":22},"end":{"line":4,"column":36}},"loc":{"start":{"line":4,"column":82},"end":{"line":7,"column":null}}}},"branchMap":{},"s":{"0":5,"1":4},"f":{"0":5},"b":{}}
,"D:/projects/react-test-manager/src/features/ai-lab/components/AiLabFooter.tsx": {"path":"D:/projects/react-test-manager/src/features/ai-lab/components/AiLabFooter.tsx","statementMap":{"0":{"start":{"line":9,"column":19},"end":{"line":9,"column":null}},"1":{"start":{"line":10,"column":17},"end":{"line":10,"column":null}},"2":{"start":{"line":11,"column":21},"end":{"line":11,"column":null}},"3":{"start":{"line":12,"column":15},"end":{"line":12,"column":null}},"4":{"start":{"line":14,"column":17},"end":{"line":17,"column":null}},"5":{"start":{"line":19,"column":2},"end":{"line":58,"column":null}}},"fnMap":{"0":{"name":"AiLabFooter","decl":{"start":{"line":8,"column":16},"end":{"line":8,"column":30}},"loc":{"start":{"line":8,"column":30},"end":{"line":60,"column":null}}}},"branchMap":{"0":{"loc":{"start":{"line":10,"column":17},"end":{"line":10,"column":null}},"type":"cond-expr","locations":[{"start":{"line":10,"column":35},"end":{"line":10,"column":54}},{"start":{"line":10,"column":54},"end":{"line":10,"column":null}}]},"1":{"loc":{"start":{"line":40,"column":9},"end":{"line":50,"column":null}},"type":"cond-expr","locations":[{"start":{"line":41,"column":10},"end":{"line":50,"column":null}},{"start":{"line":50,"column":12},"end":{"line":50,"column":null}}]}},"s":{"0":8,"1":8,"2":8,"3":8,"4":8,"5":8},"f":{"0":8},"b":{"0":[2,6],"1":[6,2]}}
,"D:/projects/react-test-manager/src/features/ai-lab/components/AiLabNavbar.tsx": {"path":"D:/projects/react-test-manager/src/features/ai-lab/components/AiLabNavbar.tsx","statementMap":{"0":{"start":{"line":32,"column":5},"end":{"line":37,"column":null}},"1":{"start":{"line":40,"column":28},"end":{"line":40,"column":null}},"2":{"start":{"line":41,"column":16},"end":{"line":41,"column":null}},"3":{"start":{"line":42,"column":19},"end":{"line":42,"column":null}},"4":{"start":{"line":43,"column":19},"end":{"line":43,"column":null}},"5":{"start":{"line":44,"column":17},"end":{"line":44,"column":null}},"6":{"start":{"line":45,"column":21},"end":{"line":45,"column":null}},"7":{"start":{"line":46,"column":46},"end":{"line":46,"column":null}},"8":{"start":{"line":47,"column":38},"end":{"line":47,"column":null}},"9":{"start":{"line":48,"column":42},"end":{"line":48,"column":null}},"10":{"start":{"line":49,"column":19},"end":{"line":49,"column":null}},"11":{"start":{"line":51,"column":22},"end":{"line":54,"column":null}},"12":{"start":{"line":56,"column":8},"end":{"line":60,"column":null}},"13":{"start":{"line":57,"column":4},"end":{"line":57,"column":null}},"14":{"start":{"line":58,"column":4},"end":{"line":58,"column":null}},"15":{"start":{"line":59,"column":4},"end":{"line":59,"column":null}},"16":{"start":{"line":62,"column":8},"end":{"line":65,"column":null}},"17":{"start":{"line":63,"column":4},"end":{"line":63,"column":null}},"18":{"start":{"line":63,"column":15},"end":{"line":63,"column":null}},"19":{"start":{"line":64,"column":4},"end":{"line":64,"column":null}},"20":{"start":{"line":67,"column":8},"end":{"line":70,"column":null}},"21":{"start":{"line":68,"column":4},"end":{"line":70,"column":null}},"22":{"start":{"line":72,"column":2},"end":{"line":219,"column":null}},"23":{"start":{"line":104,"column":34},"end":{"line":104,"column":null}},"24":{"start":{"line":115,"column":16},"end":{"line":124,"column":null}},"25":{"start":{"line":146,"column":18},"end":{"line":146,"column":null}},"26":{"start":{"line":147,"column":18},"end":{"line":147,"column":null}},"27":{"start":{"line":163,"column":34},"end":{"line":163,"column":null}},"28":{"start":{"line":170,"column":16},"end":{"line":179,"column":null}},"29":{"start":{"line":185,"column":34},"end":{"line":185,"column":null}},"30":{"start":{"line":211,"column":29},"end":{"line":211,"column":null}}},"fnMap":{"0":{"name":"AiLabNavbar","decl":{"start":{"line":39,"column":16},"end":{"line":39,"column":30}},"loc":{"start":{"line":39,"column":30},"end":{"line":221,"column":null}}},"1":{"name":"(anonymous_1)","decl":{"start":{"line":56,"column":8},"end":{"line":56,"column":27}},"loc":{"start":{"line":56,"column":27},"end":{"line":60,"column":null}}},"2":{"name":"(anonymous_2)","decl":{"start":{"line":62,"column":8},"end":{"line":62,"column":27}},"loc":{"start":{"line":62,"column":62},"end":{"line":65,"column":null}}},"3":{"name":"(anonymous_3)","decl":{"start":{"line":67,"column":8},"end":{"line":67,"column":22}},"loc":{"start":{"line":68,"column":4},"end":{"line":70,"column":null}}},"4":{"name":"(anonymous_4)","decl":{"start":{"line":104,"column":14},"end":{"line":104,"column":24}},"loc":{"start":{"line":104,"column":34},"end":{"line":104,"column":null}}},"5":{"name":"(anonymous_5)","decl":{"start":{"line":114,"column":27},"end":{"line":114,"column":32}},"loc":{"start":{"line":115,"column":16},"end":{"line":124,"column":null}}},"6":{"name":"(anonymous_6)","decl":{"start":{"line":145,"column":16},"end":{"line":145,"column":31}},"loc":{"start":{"line":145,"column":31},"end":{"line":148,"column":null}}},"7":{"name":"(anonymous_7)","decl":{"start":{"line":163,"column":14},"end":{"line":163,"column":24}},"loc":{"start":{"line":163,"column":34},"end":{"line":163,"column":null}}},"8":{"name":"(anonymous_8)","decl":{"start":{"line":169,"column":27},"end":{"line":169,"column":32}},"loc":{"start":{"line":170,"column":16},"end":{"line":179,"column":null}}},"9":{"name":"(anonymous_9)","decl":{"start":{"line":185,"column":14},"end":{"line":185,"column":24}},"loc":{"start":{"line":185,"column":34},"end":{"line":185,"column":null}}},"10":{"name":"(anonymous_10)","decl":{"start":{"line":211,"column":14},"end":{"line":211,"column":29}},"loc":{"start":{"line":211,"column":29},"end":{"line":211,"column":null}}}},"branchMap":{"0":{"loc":{"start":{"line":44,"column":17},"end":{"line":44,"column":null}},"type":"cond-expr","locations":[{"start":{"line":44,"column":35},"end":{"line":44,"column":54}},{"start":{"line":44,"column":54},"end":{"line":44,"column":null}}]},"1":{"loc":{"start":{"line":49,"column":19},"end":{"line":49,"column":null}},"type":"cond-expr","locations":[{"start":{"line":49,"column":37},"end":{"line":49,"column":47}},{"start":{"line":49,"column":47},"end":{"line":49,"column":null}}]},"2":{"loc":{"start":{"line":63,"column":4},"end":{"line":63,"column":null}},"type":"if","locations":[{"start":{"line":63,"column":4},"end":{"line":63,"column":null}},{"start":{},"end":{}}]},"3":{"loc":{"start":{"line":68,"column":4},"end":{"line":70,"column":null}},"type":"cond-expr","locations":[{"start":{"line":69,"column":8},"end":{"line":69,"column":null}},{"start":{"line":70,"column":8},"end":{"line":70,"column":null}}]},"4":{"loc":{"start":{"line":99,"column":9},"end":{"line":216,"column":null}},"type":"cond-expr","locations":[{"start":{"line":100,"column":10},"end":{"line":160,"column":null}},{"start":{"line":160,"column":10},"end":{"line":216,"column":null}}]},"5":{"loc":{"start":{"line":127,"column":15},"end":{"line":138,"column":null}},"type":"cond-expr","locations":[{"start":{"line":128,"column":16},"end":{"line":138,"column":null}},{"start":{"line":138,"column":18},"end":{"line":138,"column":null}}]},"6":{"loc":{"start":{"line":150,"column":17},"end":{"line":155,"column":26}},"type":"cond-expr","locations":[{"start":{"line":151,"column":18},"end":{"line":153,"column":19}},{"start":{"line":153,"column":18},"end":{"line":155,"column":26}}]},"7":{"loc":{"start":{"line":155,"column":17},"end":{"line":155,"column":null}},"type":"cond-expr","locations":[{"start":{"line":155,"column":35},"end":{"line":155,"column":50}},{"start":{"line":155,"column":50},"end":{"line":155,"column":null}}]},"8":{"loc":{"start":{"line":191,"column":15},"end":{"line":202,"column":null}},"type":"cond-expr","locations":[{"start":{"line":192,"column":16},"end":{"line":202,"column":null}},{"start":{"line":202,"column":18},"end":{"line":202,"column":null}}]},"9":{"loc":{"start":{"line":210,"column":25},"end":{"line":210,"column":null}},"type":"cond-expr","locations":[{"start":{"line":210,"column":43},"end":{"line":210,"column":64}},{"start":{"line":210,"column":63},"end":{"line":210,"column":null}}]},"10":{"loc":{"start":{"line":214,"column":15},"end":{"line":214,"column":null}},"type":"cond-expr","locations":[{"start":{"line":214,"column":33},"end":{"line":214,"column":48}},{"start":{"line":214,"column":48},"end":{"line":214,"column":null}}]}},"s":{"0":1,"1":23,"2":23,"3":23,"4":23,"5":23,"6":23,"7":23,"8":23,"9":23,"10":23,"11":23,"12":23,"13":5,"14":5,"15":5,"16":23,"17":92,"18":23,"19":69,"20":23,"21":92,"22":23,"23":3,"24":40,"25":1,"26":1,"27":1,"28":52,"29":2,"30":1},"f":{"0":23,"1":5,"2":92,"3":92,"4":3,"5":40,"6":1,"7":1,"8":52,"9":2,"10":1},"b":{"0":[7,16],"1":[7,16],"2":[23,69],"3":[23,69],"4":[10,13],"5":[7,3],"6":[5,5],"7":[5,5],"8":[9,4],"9":[2,11],"10":[2,11]}}
,"D:/projects/react-test-manager/src/features/ai-lab/components/AiLabPageLayout.tsx": {"path":"D:/projects/react-test-manager/src/features/ai-lab/components/AiLabPageLayout.tsx","statementMap":{"0":{"start":{"line":16,"column":19},"end":{"line":16,"column":null}},"1":{"start":{"line":17,"column":17},"end":{"line":17,"column":null}},"2":{"start":{"line":18,"column":21},"end":{"line":18,"column":null}},"3":{"start":{"line":19,"column":46},"end":{"line":19,"column":null}},"4":{"start":{"line":20,"column":46},"end":{"line":20,"column":null}},"5":{"start":{"line":22,"column":2},"end":{"line":31,"column":null}},"6":{"start":{"line":23,"column":10},"end":{"line":27,"column":null}},"7":{"start":{"line":24,"column":22},"end":{"line":24,"column":null}},"8":{"start":{"line":25,"column":6},"end":{"line":25,"column":null}},"9":{"start":{"line":26,"column":6},"end":{"line":26,"column":null}},"10":{"start":{"line":29,"column":4},"end":{"line":29,"column":null}},"11":{"start":{"line":30,"column":4},"end":{"line":30,"column":null}},"12":{"start":{"line":30,"column":17},"end":{"line":30,"column":null}},"13":{"start":{"line":33,"column":8},"end":{"line":35,"column":null}},"14":{"start":{"line":34,"column":4},"end":{"line":34,"column":null}},"15":{"start":{"line":37,"column":2},"end":{"line":170,"column":null}},"16":{"start":{"line":152,"column":16},"end":{"line":152,"column":null}}},"fnMap":{"0":{"name":"AiLabPageLayout","decl":{"start":{"line":15,"column":16},"end":{"line":15,"column":32}},"loc":{"start":{"line":15,"column":86},"end":{"line":172,"column":null}}},"1":{"name":"(anonymous_1)","decl":{"start":{"line":22,"column":2},"end":{"line":22,"column":18}},"loc":{"start":{"line":22,"column":18},"end":{"line":31,"column":5}}},"2":{"name":"(anonymous_2)","decl":{"start":{"line":23,"column":10},"end":{"line":23,"column":27}},"loc":{"start":{"line":23,"column":27},"end":{"line":27,"column":null}}},"3":{"name":"(anonymous_3)","decl":{"start":{"line":30,"column":4},"end":{"line":30,"column":17}},"loc":{"start":{"line":30,"column":17},"end":{"line":30,"column":null}}},"4":{"name":"(anonymous_4)","decl":{"start":{"line":33,"column":8},"end":{"line":33,"column":32}},"loc":{"start":{"line":33,"column":32},"end":{"line":35,"column":null}}},"5":{"name":"(anonymous_5)","decl":{"start":{"line":151,"column":14},"end":{"line":151,"column":27}},"loc":{"start":{"line":152,"column":16},"end":{"line":152,"column":null}}}},"branchMap":{"0":{"loc":{"start":{"line":17,"column":17},"end":{"line":17,"column":null}},"type":"cond-expr","locations":[{"start":{"line":17,"column":35},"end":{"line":17,"column":54}},{"start":{"line":17,"column":54},"end":{"line":17,"column":null}}]},"1":{"loc":{"start":{"line":78,"column":9},"end":{"line":126,"column":null}},"type":"cond-expr","locations":[{"start":{"line":79,"column":10},"end":{"line":126,"column":null}},{"start":{"line":126,"column":12},"end":{"line":126,"column":null}}]}},"s":{"0":38,"1":38,"2":38,"3":38,"4":38,"5":38,"6":16,"7":1,"8":1,"9":1,"10":16,"11":16,"12":16,"13":38,"14":1,"15":38,"16":38},"f":{"0":38,"1":16,"2":1,"3":16,"4":1,"5":38},"b":{"0":[3,35],"1":[37,1]}}
,"D:/projects/react-test-manager/src/features/ai-lab/components/PromptForm.tsx": {"path":"D:/projects/react-test-manager/src/features/ai-lab/components/PromptForm.tsx","statementMap":{"0":{"start":{"line":33,"column":19},"end":{"line":33,"column":null}},"1":{"start":{"line":34,"column":23},"end":{"line":34,"column":null}},"2":{"start":{"line":35,"column":15},"end":{"line":35,"column":null}},"3":{"start":{"line":36,"column":23},"end":{"line":36,"column":null}},"4":{"start":{"line":36,"column":44},"end":{"line":36,"column":58}},"5":{"start":{"line":37,"column":26},"end":{"line":37,"column":null}},"6":{"start":{"line":37,"column":47},"end":{"line":37,"column":64}},"7":{"start":{"line":38,"column":32},"end":{"line":38,"column":null}},"8":{"start":{"line":38,"column":53},"end":{"line":38,"column":76}},"9":{"start":{"line":39,"column":29},"end":{"line":39,"column":null}},"10":{"start":{"line":39,"column":50},"end":{"line":39,"column":70}},"11":{"start":{"line":40,"column":18},"end":{"line":40,"column":null}},"12":{"start":{"line":40,"column":39},"end":{"line":40,"column":48}},"13":{"start":{"line":42,"column":19},"end":{"line":42,"column":null}},"14":{"start":{"line":43,"column":24},"end":{"line":43,"column":null}},"15":{"start":{"line":44,"column":24},"end":{"line":44,"column":null}},"16":{"start":{"line":45,"column":23},"end":{"line":45,"column":null}},"17":{"start":{"line":46,"column":22},"end":{"line":46,"column":null}},"18":{"start":{"line":47,"column":44},"end":{"line":47,"column":null}},"19":{"start":{"line":55,"column":6},"end":{"line":58,"column":null}},"20":{"start":{"line":60,"column":22},"end":{"line":60,"column":null}},"21":{"start":{"line":61,"column":23},"end":{"line":61,"column":null}},"22":{"start":{"line":62,"column":24},"end":{"line":62,"column":null}},"23":{"start":{"line":63,"column":22},"end":{"line":63,"column":null}},"24":{"start":{"line":65,"column":4},"end":{"line":69,"column":null}},"25":{"start":{"line":71,"column":19},"end":{"line":96,"column":null}},"26":{"start":{"line":72,"column":21},"end":{"line":72,"column":null}},"27":{"start":{"line":74,"column":4},"end":{"line":93,"column":null}},"28":{"start":{"line":76,"column":8},"end":{"line":76,"column":null}},"29":{"start":{"line":77,"column":8},"end":{"line":77,"column":null}},"30":{"start":{"line":79,"column":8},"end":{"line":79,"column":null}},"31":{"start":{"line":80,"column":8},"end":{"line":80,"column":null}},"32":{"start":{"line":82,"column":8},"end":{"line":84,"column":null}},"33":{"start":{"line":83,"column":10},"end":{"line":83,"column":null}},"34":{"start":{"line":85,"column":8},"end":{"line":85,"column":null}},"35":{"start":{"line":85,"column":24},"end":{"line":85,"column":null}},"36":{"start":{"line":86,"column":8},"end":{"line":86,"column":null}},"37":{"start":{"line":87,"column":8},"end":{"line":87,"column":null}},"38":{"start":{"line":88,"column":8},"end":{"line":88,"column":null}},"39":{"start":{"line":89,"column":8},"end":{"line":89,"column":null}},"40":{"start":{"line":92,"column":8},"end":{"line":92,"column":null}},"41":{"start":{"line":95,"column":4},"end":{"line":95,"column":null}},"42":{"start":{"line":98,"column":8},"end":{"line":103,"column":null}},"43":{"start":{"line":99,"column":4},"end":{"line":102,"column":null}},"44":{"start":{"line":100,"column":6},"end":{"line":100,"column":null}},"45":{"start":{"line":101,"column":6},"end":{"line":101,"column":null}},"46":{"start":{"line":105,"column":27},"end":{"line":125,"column":null}},"47":{"start":{"line":106,"column":18},"end":{"line":106,"column":null}},"48":{"start":{"line":107,"column":4},"end":{"line":107,"column":null}},"49":{"start":{"line":107,"column":24},"end":{"line":107,"column":null}},"50":{"start":{"line":109,"column":23},"end":{"line":118,"column":null}},"51":{"start":{"line":110,"column":6},"end":{"line":112,"column":null}},"52":{"start":{"line":111,"column":8},"end":{"line":111,"column":null}},"53":{"start":{"line":113,"column":6},"end":{"line":116,"column":null}},"54":{"start":{"line":114,"column":8},"end":{"line":114,"column":null}},"55":{"start":{"line":115,"column":8},"end":{"line":115,"column":null}},"56":{"start":{"line":117,"column":6},"end":{"line":117,"column":null}},"57":{"start":{"line":120,"column":4},"end":{"line":122,"column":null}},"58":{"start":{"line":121,"column":6},"end":{"line":121,"column":null}},"59":{"start":{"line":124,"column":4},"end":{"line":124,"column":null}},"60":{"start":{"line":127,"column":2},"end":{"line":236,"column":null}},"61":{"start":{"line":163,"column":14},"end":{"line":193,"column":null}},"62":{"start":{"line":176,"column":33},"end":{"line":176,"column":null}},"63":{"start":{"line":222,"column":31},"end":{"line":222,"column":null}}},"fnMap":{"0":{"name":"PromptForm","decl":{"start":{"line":32,"column":16},"end":{"line":32,"column":29}},"loc":{"start":{"line":32,"column":29},"end":{"line":238,"column":null}}},"1":{"name":"(anonymous_1)","decl":{"start":{"line":36,"column":23},"end":{"line":36,"column":38}},"loc":{"start":{"line":36,"column":44},"end":{"line":36,"column":58}}},"2":{"name":"(anonymous_2)","decl":{"start":{"line":37,"column":26},"end":{"line":37,"column":41}},"loc":{"start":{"line":37,"column":47},"end":{"line":37,"column":64}}},"3":{"name":"(anonymous_3)","decl":{"start":{"line":38,"column":32},"end":{"line":38,"column":47}},"loc":{"start":{"line":38,"column":53},"end":{"line":38,"column":76}}},"4":{"name":"(anonymous_4)","decl":{"start":{"line":39,"column":29},"end":{"line":39,"column":44}},"loc":{"start":{"line":39,"column":50},"end":{"line":39,"column":70}}},"5":{"name":"(anonymous_5)","decl":{"start":{"line":40,"column":18},"end":{"line":40,"column":33}},"loc":{"start":{"line":40,"column":39},"end":{"line":40,"column":48}}},"6":{"name":"(anonymous_6)","decl":{"start":{"line":71,"column":19},"end":{"line":71,"column":26}},"loc":{"start":{"line":71,"column":55},"end":{"line":96,"column":null}}},"7":{"name":"(anonymous_7)","decl":{"start":{"line":98,"column":8},"end":{"line":98,"column":25}},"loc":{"start":{"line":98,"column":50},"end":{"line":103,"column":null}}},"8":{"name":"(anonymous_8)","decl":{"start":{"line":105,"column":27},"end":{"line":105,"column":34}},"loc":{"start":{"line":105,"column":81},"end":{"line":125,"column":null}}},"9":{"name":"(anonymous_9)","decl":{"start":{"line":109,"column":41},"end":{"line":109,"column":49}},"loc":{"start":{"line":109,"column":58},"end":{"line":118,"column":5}}},"10":{"name":"(anonymous_10)","decl":{"start":{"line":162,"column":26},"end":{"line":162,"column":31}},"loc":{"start":{"line":163,"column":14},"end":{"line":193,"column":null}}},"11":{"name":"(anonymous_11)","decl":{"start":{"line":176,"column":18},"end":{"line":176,"column":33}},"loc":{"start":{"line":176,"column":33},"end":{"line":176,"column":null}}},"12":{"name":"(anonymous_12)","decl":{"start":{"line":222,"column":16},"end":{"line":222,"column":31}},"loc":{"start":{"line":222,"column":31},"end":{"line":222,"column":null}}}},"branchMap":{"0":{"loc":{"start":{"line":63,"column":22},"end":{"line":63,"column":null}},"type":"cond-expr","locations":[{"start":{"line":63,"column":61},"end":{"line":63,"column":74}},{"start":{"line":63,"column":74},"end":{"line":63,"column":null}}]},"1":{"loc":{"start":{"line":63,"column":22},"end":{"line":63,"column":61}},"type":"binary-expr","locations":[{"start":{"line":63,"column":22},"end":{"line":63,"column":42}},{"start":{"line":63,"column":42},"end":{"line":63,"column":61}}]},"2":{"loc":{"start":{"line":65,"column":4},"end":{"line":69,"column":null}},"type":"binary-expr","locations":[{"start":{"line":65,"column":4},"end":{"line":65,"column":null}},{"start":{"line":66,"column":4},"end":{"line":66,"column":null}},{"start":{"line":67,"column":4},"end":{"line":67,"column":null}},{"start":{"line":68,"column":4},"end":{"line":68,"column":null}},{"start":{"line":69,"column":4},"end":{"line":69,"column":null}}]},"3":{"loc":{"start":{"line":74,"column":4},"end":{"line":93,"column":null}},"type":"switch","locations":[{"start":{"line":75,"column":6},"end":{"line":77,"column":null}},{"start":{"line":78,"column":6},"end":{"line":80,"column":null}},{"start":{"line":81,"column":6},"end":{"line":90,"column":null}},{"start":{"line":91,"column":6},"end":{"line":92,"column":null}}]},"4":{"loc":{"start":{"line":82,"column":8},"end":{"line":84,"column":null}},"type":"if","locations":[{"start":{"line":82,"column":8},"end":{"line":84,"column":null}},{"start":{},"end":{}}]},"5":{"loc":{"start":{"line":85,"column":8},"end":{"line":85,"column":null}},"type":"if","locations":[{"start":{"line":85,"column":8},"end":{"line":85,"column":null}},{"start":{},"end":{}}]},"6":{"loc":{"start":{"line":99,"column":4},"end":{"line":102,"column":null}},"type":"if","locations":[{"start":{"line":99,"column":4},"end":{"line":102,"column":null}},{"start":{},"end":{}}]},"7":{"loc":{"start":{"line":99,"column":8},"end":{"line":99,"column":50}},"type":"binary-expr","locations":[{"start":{"line":99,"column":8},"end":{"line":99,"column":33}},{"start":{"line":99,"column":33},"end":{"line":99,"column":50}}]},"8":{"loc":{"start":{"line":107,"column":4},"end":{"line":107,"column":null}},"type":"if","locations":[{"start":{"line":107,"column":4},"end":{"line":107,"column":null}},{"start":{},"end":{}}]},"9":{"loc":{"start":{"line":110,"column":6},"end":{"line":112,"column":null}},"type":"if","locations":[{"start":{"line":110,"column":6},"end":{"line":112,"column":null}},{"start":{},"end":{}}]},"10":{"loc":{"start":{"line":113,"column":6},"end":{"line":116,"column":null}},"type":"if","locations":[{"start":{"line":113,"column":6},"end":{"line":116,"column":null}},{"start":{},"end":{}}]},"11":{"loc":{"start":{"line":120,"column":4},"end":{"line":122,"column":null}},"type":"if","locations":[{"start":{"line":120,"column":4},"end":{"line":122,"column":null}},{"start":{},"end":{}}]},"12":{"loc":{"start":{"line":139,"column":24},"end":{"line":139,"column":null}},"type":"binary-expr","locations":[{"start":{"line":139,"column":24},"end":{"line":139,"column":50}},{"start":{"line":139,"column":50},"end":{"line":139,"column":null}}]},"13":{"loc":{"start":{"line":148,"column":9},"end":{"line":196,"column":null}},"type":"cond-expr","locations":[{"start":{"line":149,"column":10},"end":{"line":152,"column":29}},{"start":{"line":152,"column":12},"end":{"line":196,"column":null}}]},"14":{"loc":{"start":{"line":152,"column":12},"end":{"line":196,"column":null}},"type":"cond-expr","locations":[{"start":{"line":153,"column":10},"end":{"line":196,"column":null}},{"start":{"line":196,"column":12},"end":{"line":196,"column":null}}]},"15":{"loc":{"start":{"line":152,"column":12},"end":{"line":152,"column":null}},"type":"binary-expr","locations":[{"start":{"line":152,"column":12},"end":{"line":152,"column":29}},{"start":{"line":152,"column":29},"end":{"line":152,"column":null}}]},"16":{"loc":{"start":{"line":209,"column":11},"end":{"line":231,"column":11}},"type":"cond-expr","locations":[{"start":{"line":210,"column":12},"end":{"line":228,"column":13}},{"start":{"line":228,"column":12},"end":{"line":231,"column":11}}]}},"s":{"0":175,"1":175,"2":175,"3":175,"4":534,"5":175,"6":534,"7":175,"8":534,"9":175,"10":534,"11":175,"12":520,"13":175,"14":175,"15":175,"16":175,"17":175,"18":175,"19":175,"20":175,"21":175,"22":175,"23":175,"24":175,"25":175,"26":9,"27":9,"28":2,"29":2,"30":2,"31":2,"32":3,"33":2,"34":3,"35":1,"36":2,"37":2,"38":2,"39":2,"40":2,"41":8,"42":175,"43":89,"44":1,"45":1,"46":175,"47":4,"48":4,"49":1,"50":3,"51":3,"52":1,"53":2,"54":1,"55":1,"56":1,"57":3,"58":1,"59":3,"60":175,"61":2,"62":1,"63":1},"f":{"0":175,"1":534,"2":534,"3":534,"4":534,"5":520,"6":9,"7":89,"8":4,"9":3,"10":2,"11":1,"12":1},"b":{"0":[65,110],"1":[175,141],"2":[175,162,156,156,156],"3":[2,2,3,2],"4":[2,1],"5":[1,2],"6":[1,88],"7":[89,2],"8":[1,3],"9":[1,2],"10":[1,1],"11":[1,2],"12":[175,175],"13":[4,171],"14":[2,169],"15":[171,64],"16":[68,107]}}
,"D:/projects/react-test-manager/src/features/ai-lab/components/RealtimeChat.tsx": {"path":"D:/projects/react-test-manager/src/features/ai-lab/components/RealtimeChat.tsx","statementMap":{"0":{"start":{"line":19,"column":19},"end":{"line":19,"column":null}},"1":{"start":{"line":20,"column":17},"end":{"line":20,"column":null}},"2":{"start":{"line":21,"column":19},"end":{"line":21,"column":null}},"3":{"start":{"line":21,"column":40},"end":{"line":21,"column":58}},"4":{"start":{"line":22,"column":22},"end":{"line":22,"column":null}},"5":{"start":{"line":24,"column":2},"end":{"line":29,"column":null}},"6":{"start":{"line":25,"column":17},"end":{"line":25,"column":null}},"7":{"start":{"line":26,"column":4},"end":{"line":28,"column":null}},"8":{"start":{"line":27,"column":6},"end":{"line":27,"column":null}},"9":{"start":{"line":31,"column":2},"end":{"line":121,"column":null}},"10":{"start":{"line":55,"column":29},"end":{"line":55,"column":null}},"11":{"start":{"line":56,"column":12},"end":{"line":100,"column":null}}},"fnMap":{"0":{"name":"RealtimeChat","decl":{"start":{"line":18,"column":16},"end":{"line":18,"column":29}},"loc":{"start":{"line":18,"column":71},"end":{"line":123,"column":null}}},"1":{"name":"(anonymous_1)","decl":{"start":{"line":21,"column":19},"end":{"line":21,"column":34}},"loc":{"start":{"line":21,"column":40},"end":{"line":21,"column":58}}},"2":{"name":"(anonymous_2)","decl":{"start":{"line":24,"column":2},"end":{"line":24,"column":18}},"loc":{"start":{"line":24,"column":18},"end":{"line":29,"column":5}}},"3":{"name":"(anonymous_3)","decl":{"start":{"line":54,"column":20},"end":{"line":54,"column":25}},"loc":{"start":{"line":54,"column":44},"end":{"line":102,"column":11}}}},"branchMap":{"0":{"loc":{"start":{"line":18,"column":31},"end":{"line":18,"column":71}},"type":"default-arg","locations":[{"start":{"line":18,"column":43},"end":{"line":18,"column":71}}]},"1":{"loc":{"start":{"line":20,"column":17},"end":{"line":20,"column":null}},"type":"cond-expr","locations":[{"start":{"line":20,"column":35},"end":{"line":20,"column":54}},{"start":{"line":20,"column":54},"end":{"line":20,"column":null}}]},"2":{"loc":{"start":{"line":26,"column":4},"end":{"line":28,"column":null}},"type":"if","locations":[{"start":{"line":26,"column":4},"end":{"line":28,"column":null}},{"start":{},"end":{}}]},"3":{"loc":{"start":{"line":33,"column":7},"end":{"line":119,"column":null}},"type":"cond-expr","locations":[{"start":{"line":34,"column":8},"end":{"line":50,"column":9}},{"start":{"line":50,"column":8},"end":{"line":119,"column":null}}]},"4":{"loc":{"start":{"line":33,"column":7},"end":{"line":33,"column":null}},"type":"binary-expr","locations":[{"start":{"line":33,"column":7},"end":{"line":33,"column":32}},{"start":{"line":33,"column":32},"end":{"line":33,"column":null}}]},"5":{"loc":{"start":{"line":64,"column":34},"end":{"line":64,"column":null}},"type":"cond-expr","locations":[{"start":{"line":64,"column":45},"end":{"line":64,"column":58}},{"start":{"line":64,"column":58},"end":{"line":64,"column":null}}]},"6":{"loc":{"start":{"line":67,"column":17},"end":{"line":74,"column":null}},"type":"cond-expr","locations":[{"start":{"line":68,"column":18},"end":{"line":74,"column":null}},{"start":{"line":74,"column":20},"end":{"line":74,"column":null}}]},"7":{"loc":{"start":{"line":84,"column":34},"end":{"line":84,"column":null}},"type":"cond-expr","locations":[{"start":{"line":84,"column":45},"end":{"line":84,"column":68}},{"start":{"line":84,"column":68},"end":{"line":84,"column":null}}]},"8":{"loc":{"start":{"line":85,"column":29},"end":{"line":85,"column":null}},"type":"cond-expr","locations":[{"start":{"line":85,"column":40},"end":{"line":85,"column":60}},{"start":{"line":85,"column":60},"end":{"line":85,"column":null}}]},"9":{"loc":{"start":{"line":86,"column":27},"end":{"line":86,"column":null}},"type":"cond-expr","locations":[{"start":{"line":86,"column":38},"end":{"line":86,"column":47}},{"start":{"line":86,"column":47},"end":{"line":86,"column":null}}]},"10":{"loc":{"start":{"line":92,"column":17},"end":{"line":99,"column":null}},"type":"cond-expr","locations":[{"start":{"line":93,"column":18},"end":{"line":99,"column":null}},{"start":{"line":99,"column":20},"end":{"line":99,"column":null}}]},"11":{"loc":{"start":{"line":104,"column":11},"end":{"line":118,"column":null}},"type":"cond-expr","locations":[{"start":{"line":105,"column":12},"end":{"line":118,"column":null}},{"start":{"line":118,"column":14},"end":{"line":118,"column":null}}]}},"s":{"0":11,"1":11,"2":11,"3":36,"4":11,"5":11,"6":7,"7":7,"8":5,"9":11,"10":7,"11":7},"f":{"0":11,"1":36,"2":7,"3":7},"b":{"0":[5],"1":[1,10],"2":[5,2],"3":[4,7],"4":[11,6],"5":[3,4],"6":[4,3],"7":[3,4],"8":[3,4],"9":[3,4],"10":[3,4],"11":[4,3]}}
,"D:/projects/react-test-manager/src/features/ai-lab/components/TypingIndicator.tsx": {"path":"D:/projects/react-test-manager/src/features/ai-lab/components/TypingIndicator.tsx","statementMap":{"0":{"start":{"line":4,"column":15},"end":{"line":4,"column":null}},"1":{"start":{"line":16,"column":2},"end":{"line":35,"column":null}},"2":{"start":{"line":23,"column":8},"end":{"line":33,"column":null}}},"fnMap":{"0":{"name":"TypingIndicator","decl":{"start":{"line":15,"column":16},"end":{"line":15,"column":34}},"loc":{"start":{"line":15,"column":34},"end":{"line":37,"column":null}}},"1":{"name":"(anonymous_1)","decl":{"start":{"line":22,"column":17},"end":{"line":22,"column":22}},"loc":{"start":{"line":23,"column":8},"end":{"line":33,"column":null}}}},"branchMap":{},"s":{"0":3,"1":10,"2":30},"f":{"0":10,"1":30},"b":{}}
,"D:/projects/react-test-manager/src/features/ai-lab/data-access/realtime-socket.ts": {"path":"D:/projects/react-test-manager/src/features/ai-lab/data-access/realtime-socket.ts","statementMap":{"0":{"start":{"line":12,"column":37},"end":{"line":12,"column":null}},"1":{"start":{"line":13,"column":25},"end":{"line":13,"column":null}},"2":{"start":{"line":16,"column":4},"end":{"line":64,"column":null}},"3":{"start":{"line":17,"column":21},"end":{"line":17,"column":null}},"4":{"start":{"line":18,"column":6},"end":{"line":18,"column":null}},"5":{"start":{"line":20,"column":17},"end":{"line":23,"column":null}},"6":{"start":{"line":24,"column":6},"end":{"line":24,"column":null}},"7":{"start":{"line":26,"column":6},"end":{"line":32,"column":null}},"8":{"start":{"line":27,"column":8},"end":{"line":27,"column":null}},"9":{"start":{"line":28,"column":8},"end":{"line":31,"column":null}},"10":{"start":{"line":29,"column":10},"end":{"line":29,"column":null}},"11":{"start":{"line":30,"column":10},"end":{"line":30,"column":null}},"12":{"start":{"line":34,"column":6},"end":{"line":58,"column":null}},"13":{"start":{"line":35,"column":21},"end":{"line":35,"column":null}},"14":{"start":{"line":40,"column":8},"end":{"line":47,"column":null}},"15":{"start":{"line":41,"column":10},"end":{"line":41,"column":null}},"16":{"start":{"line":42,"column":10},"end":{"line":45,"column":null}},"17":{"start":{"line":43,"column":12},"end":{"line":43,"column":null}},"18":{"start":{"line":44,"column":12},"end":{"line":44,"column":null}},"19":{"start":{"line":46,"column":10},"end":{"line":46,"column":null}},"20":{"start":{"line":49,"column":8},"end":{"line":52,"column":null}},"21":{"start":{"line":50,"column":10},"end":{"line":50,"column":null}},"22":{"start":{"line":51,"column":10},"end":{"line":51,"column":null}},"23":{"start":{"line":54,"column":24},"end":{"line":54,"column":null}},"24":{"start":{"line":55,"column":8},"end":{"line":57,"column":null}},"25":{"start":{"line":56,"column":10},"end":{"line":56,"column":null}},"26":{"start":{"line":60,"column":6},"end":{"line":63,"column":null}},"27":{"start":{"line":61,"column":8},"end":{"line":61,"column":null}},"28":{"start":{"line":62,"column":8},"end":{"line":62,"column":null}},"29":{"start":{"line":68,"column":4},"end":{"line":70,"column":null}},"30":{"start":{"line":69,"column":6},"end":{"line":69,"column":null}},"31":{"start":{"line":72,"column":24},"end":{"line":79,"column":null}},"32":{"start":{"line":81,"column":4},"end":{"line":81,"column":null}},"33":{"start":{"line":82,"column":4},"end":{"line":82,"column":null}},"34":{"start":{"line":83,"column":4},"end":{"line":83,"column":null}},"35":{"start":{"line":87,"column":4},"end":{"line":87,"column":null}},"36":{"start":{"line":91,"column":4},"end":{"line":93,"column":null}},"37":{"start":{"line":92,"column":6},"end":{"line":92,"column":null}},"38":{"start":{"line":95,"column":4},"end":{"line":95,"column":null}},"39":{"start":{"line":96,"column":4},"end":{"line":96,"column":null}}},"fnMap":{"0":{"name":"(anonymous_0)","decl":{"start":{"line":15,"column":2},"end":{"line":15,"column":10}},"loc":{"start":{"line":15,"column":83},"end":{"line":65,"column":null}}},"1":{"name":"(anonymous_1)","decl":{"start":{"line":16,"column":15},"end":{"line":16,"column":24}},"loc":{"start":{"line":16,"column":44},"end":{"line":64,"column":5}}},"2":{"name":"(anonymous_2)","decl":{"start":{"line":26,"column":9},"end":{"line":26,"column":20}},"loc":{"start":{"line":26,"column":30},"end":{"line":32,"column":null}}},"3":{"name":"(anonymous_3)","decl":{"start":{"line":34,"column":9},"end":{"line":34,"column":22}},"loc":{"start":{"line":34,"column":32},"end":{"line":58,"column":null}}},"4":{"name":"(anonymous_4)","decl":{"start":{"line":60,"column":9},"end":{"line":60,"column":25}},"loc":{"start":{"line":60,"column":25},"end":{"line":63,"column":null}}},"5":{"name":"(anonymous_5)","decl":{"start":{"line":67,"column":2},"end":{"line":67,"column":14}},"loc":{"start":{"line":67,"column":41},"end":{"line":84,"column":null}}},"6":{"name":"(anonymous_6)","decl":{"start":{"line":86,"column":2},"end":{"line":86,"column":21}},"loc":{"start":{"line":86,"column":21},"end":{"line":88,"column":null}}},"7":{"name":"(anonymous_7)","decl":{"start":{"line":90,"column":2},"end":{"line":90,"column":21}},"loc":{"start":{"line":90,"column":21},"end":{"line":97,"column":null}}}},"branchMap":{"0":{"loc":{"start":{"line":28,"column":8},"end":{"line":31,"column":null}},"type":"if","locations":[{"start":{"line":28,"column":8},"end":{"line":31,"column":null}},{"start":{},"end":{}}]},"1":{"loc":{"start":{"line":40,"column":8},"end":{"line":47,"column":null}},"type":"if","locations":[{"start":{"line":40,"column":8},"end":{"line":47,"column":null}},{"start":{},"end":{}}]},"2":{"loc":{"start":{"line":40,"column":12},"end":{"line":40,"column":80}},"type":"binary-expr","locations":[{"start":{"line":40,"column":12},"end":{"line":40,"column":47}},{"start":{"line":40,"column":47},"end":{"line":40,"column":80}}]},"3":{"loc":{"start":{"line":42,"column":10},"end":{"line":45,"column":null}},"type":"if","locations":[{"start":{"line":42,"column":10},"end":{"line":45,"column":null}},{"start":{},"end":{}}]},"4":{"loc":{"start":{"line":49,"column":8},"end":{"line":52,"column":null}},"type":"if","locations":[{"start":{"line":49,"column":8},"end":{"line":52,"column":null}},{"start":{},"end":{}}]},"5":{"loc":{"start":{"line":55,"column":8},"end":{"line":57,"column":null}},"type":"if","locations":[{"start":{"line":55,"column":8},"end":{"line":57,"column":null}},{"start":{},"end":{}}]},"6":{"loc":{"start":{"line":68,"column":4},"end":{"line":70,"column":null}},"type":"if","locations":[{"start":{"line":68,"column":4},"end":{"line":70,"column":null}},{"start":{},"end":{}}]},"7":{"loc":{"start":{"line":87,"column":11},"end":{"line":87,"column":null}},"type":"binary-expr","locations":[{"start":{"line":87,"column":11},"end":{"line":87,"column":57}},{"start":{"line":87,"column":57},"end":{"line":87,"column":null}}]},"8":{"loc":{"start":{"line":91,"column":4},"end":{"line":93,"column":null}},"type":"if","locations":[{"start":{"line":91,"column":4},"end":{"line":93,"column":null}},{"start":{},"end":{}}]}},"s":{"0":14,"1":14,"2":13,"3":13,"4":13,"5":13,"6":13,"7":13,"8":2,"9":2,"10":1,"11":1,"12":13,"13":16,"14":16,"15":13,"16":13,"17":12,"18":12,"19":13,"20":3,"21":1,"22":1,"23":2,"24":2,"25":1,"26":13,"27":1,"28":1,"29":3,"30":1,"31":2,"32":2,"33":2,"34":2,"35":12,"36":16,"37":3,"38":16,"39":16},"f":{"0":13,"1":13,"2":2,"3":16,"4":1,"5":3,"6":12,"7":16},"b":{"0":[1,1],"1":[13,3],"2":[16,5],"3":[12,1],"4":[1,2],"5":[1,1],"6":[1,2],"7":[12,6],"8":[3,13]}}
,"D:/projects/react-test-manager/src/features/ai-lab/hooks/AiLabRealtimeContext.tsx": {"path":"D:/projects/react-test-manager/src/features/ai-lab/hooks/AiLabRealtimeContext.tsx","statementMap":{"0":{"start":{"line":6,"column":29},"end":{"line":6,"column":null}},"1":{"start":{"line":9,"column":16},"end":{"line":9,"column":null}},"2":{"start":{"line":10,"column":2},"end":{"line":10,"column":null}},"3":{"start":{"line":14,"column":18},"end":{"line":14,"column":null}},"4":{"start":{"line":15,"column":2},"end":{"line":17,"column":null}},"5":{"start":{"line":16,"column":4},"end":{"line":16,"column":null}},"6":{"start":{"line":18,"column":2},"end":{"line":18,"column":null}}},"fnMap":{"0":{"name":"AiLabRealtimeProvider","decl":{"start":{"line":8,"column":16},"end":{"line":8,"column":38}},"loc":{"start":{"line":8,"column":77},"end":{"line":11,"column":null}}},"1":{"name":"useAiLabRealtime","decl":{"start":{"line":13,"column":16},"end":{"line":13,"column":35}},"loc":{"start":{"line":13,"column":35},"end":{"line":19,"column":null}}}},"branchMap":{"0":{"loc":{"start":{"line":15,"column":2},"end":{"line":17,"column":null}},"type":"if","locations":[{"start":{"line":15,"column":2},"end":{"line":17,"column":null}},{"start":{},"end":{}}]}},"s":{"0":9,"1":47,"2":47,"3":125,"4":125,"5":2,"6":123},"f":{"0":47,"1":125},"b":{"0":[2,123]}}
,"D:/projects/react-test-manager/src/features/ai-lab/hooks/useAiLabChat.ts": {"path":"D:/projects/react-test-manager/src/features/ai-lab/hooks/useAiLabChat.ts","statementMap":{"0":{"start":{"line":11,"column":18},"end":{"line":11,"column":null}},"1":{"start":{"line":11,"column":39},"end":{"line":11,"column":48}},"2":{"start":{"line":13,"column":2},"end":{"line":16,"column":null}},"3":{"start":{"line":14,"column":23},"end":{"line":14,"column":null}},"4":{"start":{"line":15,"column":4},"end":{"line":15,"column":null}},"5":{"start":{"line":20,"column":21},"end":{"line":20,"column":null}},"6":{"start":{"line":20,"column":42},"end":{"line":20,"column":54}},"7":{"start":{"line":21,"column":23},"end":{"line":21,"column":null}},"8":{"start":{"line":21,"column":44},"end":{"line":21,"column":58}},"9":{"start":{"line":22,"column":20},"end":{"line":22,"column":null}},"10":{"start":{"line":24,"column":2},"end":{"line":32,"column":null}},"11":{"start":{"line":25,"column":38},"end":{"line":25,"column":null}},"12":{"start":{"line":27,"column":6},"end":{"line":27,"column":null}},"13":{"start":{"line":30,"column":6},"end":{"line":30,"column":null}},"14":{"start":{"line":36,"column":26},"end":{"line":36,"column":null}},"15":{"start":{"line":36,"column":47},"end":{"line":36,"column":64}},"16":{"start":{"line":37,"column":29},"end":{"line":37,"column":null}},"17":{"start":{"line":37,"column":50},"end":{"line":37,"column":70}},"18":{"start":{"line":38,"column":20},"end":{"line":38,"column":null}},"19":{"start":{"line":40,"column":2},"end":{"line":58,"column":null}},"20":{"start":{"line":42,"column":23},"end":{"line":42,"column":null}},"21":{"start":{"line":43,"column":6},"end":{"line":43,"column":null}},"22":{"start":{"line":43,"column":30},"end":{"line":43,"column":63}},"23":{"start":{"line":44,"column":6},"end":{"line":44,"column":null}},"24":{"start":{"line":47,"column":6},"end":{"line":47,"column":null}},"25":{"start":{"line":50,"column":6},"end":{"line":50,"column":null}},"26":{"start":{"line":53,"column":6},"end":{"line":53,"column":null}},"27":{"start":{"line":56,"column":6},"end":{"line":56,"column":null}},"28":{"start":{"line":62,"column":30},"end":{"line":62,"column":null}},"29":{"start":{"line":62,"column":51},"end":{"line":62,"column":72}},"30":{"start":{"line":63,"column":20},"end":{"line":63,"column":null}},"31":{"start":{"line":65,"column":2},"end":{"line":77,"column":null}},"32":{"start":{"line":67,"column":23},"end":{"line":67,"column":null}},"33":{"start":{"line":68,"column":6},"end":{"line":68,"column":null}},"34":{"start":{"line":69,"column":6},"end":{"line":69,"column":null}},"35":{"start":{"line":72,"column":6},"end":{"line":72,"column":null}},"36":{"start":{"line":75,"column":6},"end":{"line":75,"column":null}}},"fnMap":{"0":{"name":"useAiLabErrorAlert","decl":{"start":{"line":10,"column":9},"end":{"line":10,"column":30}},"loc":{"start":{"line":10,"column":30},"end":{"line":17,"column":null}}},"1":{"name":"(anonymous_1)","decl":{"start":{"line":11,"column":18},"end":{"line":11,"column":33}},"loc":{"start":{"line":11,"column":39},"end":{"line":11,"column":48}}},"2":{"name":"(anonymous_2)","decl":{"start":{"line":13,"column":2},"end":{"line":13,"column":10}},"loc":{"start":{"line":13,"column":47},"end":{"line":16,"column":null}}},"3":{"name":"useSendChatMessage","decl":{"start":{"line":19,"column":16},"end":{"line":19,"column":37}},"loc":{"start":{"line":19,"column":37},"end":{"line":33,"column":null}}},"4":{"name":"(anonymous_4)","decl":{"start":{"line":20,"column":21},"end":{"line":20,"column":36}},"loc":{"start":{"line":20,"column":42},"end":{"line":20,"column":54}}},"5":{"name":"(anonymous_5)","decl":{"start":{"line":21,"column":23},"end":{"line":21,"column":38}},"loc":{"start":{"line":21,"column":44},"end":{"line":21,"column":58}}},"6":{"name":"(anonymous_6)","decl":{"start":{"line":25,"column":4},"end":{"line":25,"column":17}},"loc":{"start":{"line":25,"column":38},"end":{"line":25,"column":null}}},"7":{"name":"(anonymous_7)","decl":{"start":{"line":26,"column":4},"end":{"line":26,"column":16}},"loc":{"start":{"line":26,"column":29},"end":{"line":28,"column":null}}},"8":{"name":"(anonymous_8)","decl":{"start":{"line":29,"column":4},"end":{"line":29,"column":14}},"loc":{"start":{"line":29,"column":24},"end":{"line":31,"column":null}}},"9":{"name":"useUploadPromptImages","decl":{"start":{"line":35,"column":16},"end":{"line":35,"column":40}},"loc":{"start":{"line":35,"column":40},"end":{"line":59,"column":null}}},"10":{"name":"(anonymous_10)","decl":{"start":{"line":36,"column":26},"end":{"line":36,"column":41}},"loc":{"start":{"line":36,"column":47},"end":{"line":36,"column":64}}},"11":{"name":"(anonymous_11)","decl":{"start":{"line":37,"column":29},"end":{"line":37,"column":44}},"loc":{"start":{"line":37,"column":50},"end":{"line":37,"column":70}}},"12":{"name":"(anonymous_12)","decl":{"start":{"line":41,"column":16},"end":{"line":41,"column":23}},"loc":{"start":{"line":41,"column":41},"end":{"line":45,"column":null}}},"13":{"name":"(anonymous_13)","decl":{"start":{"line":43,"column":12},"end":{"line":43,"column":21}},"loc":{"start":{"line":43,"column":30},"end":{"line":43,"column":63}}},"14":{"name":"(anonymous_14)","decl":{"start":{"line":46,"column":4},"end":{"line":46,"column":20}},"loc":{"start":{"line":46,"column":20},"end":{"line":48,"column":null}}},"15":{"name":"(anonymous_15)","decl":{"start":{"line":49,"column":4},"end":{"line":49,"column":16}},"loc":{"start":{"line":49,"column":29},"end":{"line":51,"column":null}}},"16":{"name":"(anonymous_16)","decl":{"start":{"line":52,"column":4},"end":{"line":52,"column":14}},"loc":{"start":{"line":52,"column":24},"end":{"line":54,"column":null}}},"17":{"name":"(anonymous_17)","decl":{"start":{"line":55,"column":4},"end":{"line":55,"column":21}},"loc":{"start":{"line":55,"column":21},"end":{"line":57,"column":null}}},"18":{"name":"useDeletePromptImage","decl":{"start":{"line":61,"column":16},"end":{"line":61,"column":39}},"loc":{"start":{"line":61,"column":39},"end":{"line":78,"column":null}}},"19":{"name":"(anonymous_19)","decl":{"start":{"line":62,"column":30},"end":{"line":62,"column":45}},"loc":{"start":{"line":62,"column":51},"end":{"line":62,"column":72}}},"20":{"name":"(anonymous_20)","decl":{"start":{"line":66,"column":16},"end":{"line":66,"column":23}},"loc":{"start":{"line":66,"column":84},"end":{"line":70,"column":null}}},"21":{"name":"(anonymous_21)","decl":{"start":{"line":71,"column":4},"end":{"line":71,"column":16}},"loc":{"start":{"line":71,"column":26},"end":{"line":73,"column":null}}},"22":{"name":"(anonymous_22)","decl":{"start":{"line":74,"column":4},"end":{"line":74,"column":14}},"loc":{"start":{"line":74,"column":24},"end":{"line":76,"column":null}}}},"branchMap":{"0":{"loc":{"start":{"line":15,"column":21},"end":{"line":15,"column":43}},"type":"binary-expr","locations":[{"start":{"line":15,"column":21},"end":{"line":15,"column":35}},{"start":{"line":15,"column":35},"end":{"line":15,"column":43}}]}},"s":{"0":528,"1":1578,"2":528,"3":3,"4":3,"5":182,"6":560,"7":182,"8":560,"9":182,"10":182,"11":4,"12":3,"13":1,"14":173,"15":535,"16":173,"17":535,"18":173,"19":173,"20":3,"21":3,"22":3,"23":3,"24":3,"25":2,"26":1,"27":3,"28":173,"29":531,"30":173,"31":173,"32":3,"33":3,"34":2,"35":2,"36":1},"f":{"0":528,"1":1578,"2":3,"3":182,"4":560,"5":560,"6":4,"7":3,"8":1,"9":173,"10":535,"11":535,"12":3,"13":3,"14":3,"15":2,"16":1,"17":3,"18":173,"19":531,"20":3,"21":2,"22":1},"b":{"0":[3,3]}}
,"D:/projects/react-test-manager/src/features/ai-lab/hooks/useAiLabImage.ts": {"path":"D:/projects/react-test-manager/src/features/ai-lab/hooks/useAiLabImage.ts","statementMap":{"0":{"start":{"line":8,"column":14},"end":{"line":8,"column":null}},"1":{"start":{"line":9,"column":15},"end":{"line":9,"column":null}},"2":{"start":{"line":10,"column":2},"end":{"line":10,"column":null}},"3":{"start":{"line":11,"column":2},"end":{"line":11,"column":null}},"4":{"start":{"line":12,"column":2},"end":{"line":12,"column":null}},"5":{"start":{"line":13,"column":2},"end":{"line":13,"column":null}},"6":{"start":{"line":14,"column":2},"end":{"line":14,"column":null}},"7":{"start":{"line":15,"column":2},"end":{"line":15,"column":null}},"8":{"start":{"line":19,"column":22},"end":{"line":19,"column":null}},"9":{"start":{"line":19,"column":43},"end":{"line":19,"column":56}},"10":{"start":{"line":20,"column":18},"end":{"line":20,"column":null}},"11":{"start":{"line":20,"column":39},"end":{"line":20,"column":48}},"12":{"start":{"line":22,"column":2},"end":{"line":31,"column":null}},"13":{"start":{"line":25,"column":6},"end":{"line":25,"column":null}},"14":{"start":{"line":28,"column":25},"end":{"line":28,"column":null}},"15":{"start":{"line":29,"column":6},"end":{"line":29,"column":null}},"16":{"start":{"line":35,"column":18},"end":{"line":35,"column":null}},"17":{"start":{"line":35,"column":39},"end":{"line":35,"column":48}},"18":{"start":{"line":37,"column":2},"end":{"line":47,"column":null}},"19":{"start":{"line":39,"column":23},"end":{"line":39,"column":null}},"20":{"start":{"line":40,"column":19},"end":{"line":40,"column":null}},"21":{"start":{"line":41,"column":6},"end":{"line":41,"column":null}},"22":{"start":{"line":44,"column":25},"end":{"line":44,"column":null}},"23":{"start":{"line":45,"column":6},"end":{"line":45,"column":null}}},"fnMap":{"0":{"name":"triggerBlobDownload","decl":{"start":{"line":7,"column":9},"end":{"line":7,"column":29}},"loc":{"start":{"line":7,"column":59},"end":{"line":16,"column":null}}},"1":{"name":"useGenerateImage","decl":{"start":{"line":18,"column":16},"end":{"line":18,"column":35}},"loc":{"start":{"line":18,"column":35},"end":{"line":32,"column":null}}},"2":{"name":"(anonymous_2)","decl":{"start":{"line":19,"column":22},"end":{"line":19,"column":37}},"loc":{"start":{"line":19,"column":43},"end":{"line":19,"column":56}}},"3":{"name":"(anonymous_3)","decl":{"start":{"line":20,"column":18},"end":{"line":20,"column":33}},"loc":{"start":{"line":20,"column":39},"end":{"line":20,"column":48}}},"4":{"name":"(anonymous_4)","decl":{"start":{"line":24,"column":4},"end":{"line":24,"column":16}},"loc":{"start":{"line":24,"column":29},"end":{"line":26,"column":null}}},"5":{"name":"(anonymous_5)","decl":{"start":{"line":27,"column":4},"end":{"line":27,"column":14}},"loc":{"start":{"line":27,"column":24},"end":{"line":30,"column":null}}},"6":{"name":"useDownloadGeneratedImage","decl":{"start":{"line":34,"column":16},"end":{"line":34,"column":44}},"loc":{"start":{"line":34,"column":44},"end":{"line":48,"column":null}}},"7":{"name":"(anonymous_7)","decl":{"start":{"line":35,"column":18},"end":{"line":35,"column":33}},"loc":{"start":{"line":35,"column":39},"end":{"line":35,"column":48}}},"8":{"name":"(anonymous_8)","decl":{"start":{"line":38,"column":16},"end":{"line":38,"column":23}},"loc":{"start":{"line":38,"column":44},"end":{"line":42,"column":null}}},"9":{"name":"(anonymous_9)","decl":{"start":{"line":43,"column":4},"end":{"line":43,"column":14}},"loc":{"start":{"line":43,"column":24},"end":{"line":46,"column":null}}}},"branchMap":{"0":{"loc":{"start":{"line":29,"column":23},"end":{"line":29,"column":63}},"type":"binary-expr","locations":[{"start":{"line":29,"column":23},"end":{"line":29,"column":37}},{"start":{"line":29,"column":37},"end":{"line":29,"column":63}}]},"1":{"loc":{"start":{"line":45,"column":23},"end":{"line":45,"column":63}},"type":"binary-expr","locations":[{"start":{"line":45,"column":23},"end":{"line":45,"column":37}},{"start":{"line":45,"column":37},"end":{"line":45,"column":63}}]}},"s":{"0":2,"1":2,"2":2,"3":2,"4":2,"5":2,"6":2,"7":2,"8":175,"9":538,"10":175,"11":523,"12":175,"13":3,"14":1,"15":1,"16":7,"17":24,"18":7,"19":3,"20":3,"21":2,"22":1,"23":1},"f":{"0":2,"1":175,"2":538,"3":523,"4":3,"5":1,"6":7,"7":24,"8":3,"9":1},"b":{"0":[1,1],"1":[1,1]}}
,"D:/projects/react-test-manager/src/features/ai-lab/hooks/useAiLabVoice.ts": {"path":"D:/projects/react-test-manager/src/features/ai-lab/hooks/useAiLabVoice.ts","statementMap":{"0":{"start":{"line":8,"column":26},"end":{"line":8,"column":null}},"1":{"start":{"line":8,"column":47},"end":{"line":8,"column":64}},"2":{"start":{"line":9,"column":18},"end":{"line":9,"column":null}},"3":{"start":{"line":9,"column":39},"end":{"line":9,"column":48}},"4":{"start":{"line":11,"column":2},"end":{"line":20,"column":null}},"5":{"start":{"line":14,"column":6},"end":{"line":14,"column":null}},"6":{"start":{"line":17,"column":25},"end":{"line":17,"column":null}},"7":{"start":{"line":18,"column":6},"end":{"line":18,"column":null}}},"fnMap":{"0":{"name":"useGenerateVoice","decl":{"start":{"line":7,"column":16},"end":{"line":7,"column":35}},"loc":{"start":{"line":7,"column":35},"end":{"line":21,"column":null}}},"1":{"name":"(anonymous_1)","decl":{"start":{"line":8,"column":26},"end":{"line":8,"column":41}},"loc":{"start":{"line":8,"column":47},"end":{"line":8,"column":64}}},"2":{"name":"(anonymous_2)","decl":{"start":{"line":9,"column":18},"end":{"line":9,"column":33}},"loc":{"start":{"line":9,"column":39},"end":{"line":9,"column":48}}},"3":{"name":"(anonymous_3)","decl":{"start":{"line":13,"column":4},"end":{"line":13,"column":16}},"loc":{"start":{"line":13,"column":29},"end":{"line":15,"column":null}}},"4":{"name":"(anonymous_4)","decl":{"start":{"line":16,"column":4},"end":{"line":16,"column":14}},"loc":{"start":{"line":16,"column":24},"end":{"line":19,"column":null}}}},"branchMap":{"0":{"loc":{"start":{"line":18,"column":23},"end":{"line":18,"column":63}},"type":"binary-expr","locations":[{"start":{"line":18,"column":23},"end":{"line":18,"column":37}},{"start":{"line":18,"column":37},"end":{"line":18,"column":63}}]}},"s":{"0":180,"1":553,"2":180,"3":538,"4":180,"5":3,"6":1,"7":1},"f":{"0":180,"1":553,"2":538,"3":3,"4":1},"b":{"0":[1,1]}}
,"D:/projects/react-test-manager/src/features/ai-lab/hooks/useRealtimeSocket.ts": {"path":"D:/projects/react-test-manager/src/features/ai-lab/hooks/useRealtimeSocket.ts","statementMap":{"0":{"start":{"line":13,"column":20},"end":{"line":13,"column":null}},"1":{"start":{"line":14,"column":32},"end":{"line":14,"column":null}},"2":{"start":{"line":14,"column":53},"end":{"line":14,"column":76}},"3":{"start":{"line":15,"column":29},"end":{"line":15,"column":null}},"4":{"start":{"line":15,"column":50},"end":{"line":15,"column":70}},"5":{"start":{"line":16,"column":18},"end":{"line":16,"column":null}},"6":{"start":{"line":16,"column":39},"end":{"line":16,"column":48}},"7":{"start":{"line":18,"column":20},"end":{"line":23,"column":null}},"8":{"start":{"line":19,"column":4},"end":{"line":21,"column":null}},"9":{"start":{"line":20,"column":6},"end":{"line":20,"column":null}},"10":{"start":{"line":22,"column":4},"end":{"line":22,"column":null}},"11":{"start":{"line":25,"column":18},"end":{"line":41,"column":null}},"12":{"start":{"line":26,"column":19},"end":{"line":26,"column":null}},"13":{"start":{"line":27,"column":4},"end":{"line":27,"column":null}},"14":{"start":{"line":27,"column":26},"end":{"line":27,"column":null}},"15":{"start":{"line":29,"column":4},"end":{"line":40,"column":null}},"16":{"start":{"line":30,"column":23},"end":{"line":30,"column":null}},"17":{"start":{"line":31,"column":6},"end":{"line":36,"column":null}},"18":{"start":{"line":33,"column":10},"end":{"line":33,"column":null}},"19":{"start":{"line":34,"column":10},"end":{"line":34,"column":null}},"20":{"start":{"line":38,"column":25},"end":{"line":38,"column":null}},"21":{"start":{"line":39,"column":6},"end":{"line":39,"column":null}},"22":{"start":{"line":43,"column":21},"end":{"line":45,"column":null}},"23":{"start":{"line":44,"column":4},"end":{"line":44,"column":null}},"24":{"start":{"line":47,"column":22},"end":{"line":52,"column":null}},"25":{"start":{"line":49,"column":6},"end":{"line":49,"column":null}},"26":{"start":{"line":54,"column":18},"end":{"line":56,"column":null}},"27":{"start":{"line":55,"column":4},"end":{"line":55,"column":null}},"28":{"start":{"line":58,"column":2},"end":{"line":63,"column":null}},"29":{"start":{"line":59,"column":4},"end":{"line":62,"column":null}},"30":{"start":{"line":60,"column":6},"end":{"line":60,"column":null}},"31":{"start":{"line":61,"column":6},"end":{"line":61,"column":null}},"32":{"start":{"line":65,"column":2},"end":{"line":65,"column":null}}},"fnMap":{"0":{"name":"useRealtimeSocket","decl":{"start":{"line":12,"column":16},"end":{"line":12,"column":36}},"loc":{"start":{"line":12,"column":36},"end":{"line":66,"column":null}}},"1":{"name":"(anonymous_1)","decl":{"start":{"line":14,"column":32},"end":{"line":14,"column":47}},"loc":{"start":{"line":14,"column":53},"end":{"line":14,"column":76}}},"2":{"name":"(anonymous_2)","decl":{"start":{"line":15,"column":29},"end":{"line":15,"column":44}},"loc":{"start":{"line":15,"column":50},"end":{"line":15,"column":70}}},"3":{"name":"(anonymous_3)","decl":{"start":{"line":16,"column":18},"end":{"line":16,"column":33}},"loc":{"start":{"line":16,"column":39},"end":{"line":16,"column":48}}},"4":{"name":"(anonymous_4)","decl":{"start":{"line":18,"column":20},"end":{"line":18,"column":38}},"loc":{"start":{"line":18,"column":38},"end":{"line":23,"column":5}}},"5":{"name":"(anonymous_5)","decl":{"start":{"line":25,"column":30},"end":{"line":25,"column":42}},"loc":{"start":{"line":25,"column":42},"end":{"line":41,"column":5}}},"6":{"name":"(anonymous_6)","decl":{"start":{"line":32,"column":8},"end":{"line":32,"column":29}},"loc":{"start":{"line":32,"column":41},"end":{"line":35,"column":null}}},"7":{"name":"(anonymous_7)","decl":{"start":{"line":43,"column":21},"end":{"line":43,"column":39}},"loc":{"start":{"line":43,"column":39},"end":{"line":45,"column":5}}},"8":{"name":"(anonymous_8)","decl":{"start":{"line":47,"column":22},"end":{"line":47,"column":null}},"loc":{"start":{"line":48,"column":26},"end":{"line":50,"column":null}}},"9":{"name":"(anonymous_9)","decl":{"start":{"line":54,"column":18},"end":{"line":54,"column":36}},"loc":{"start":{"line":54,"column":36},"end":{"line":56,"column":5}}},"10":{"name":"(anonymous_10)","decl":{"start":{"line":58,"column":2},"end":{"line":58,"column":18}},"loc":{"start":{"line":58,"column":18},"end":{"line":63,"column":5}}},"11":{"name":"(anonymous_11)","decl":{"start":{"line":59,"column":4},"end":{"line":59,"column":17}},"loc":{"start":{"line":59,"column":17},"end":{"line":62,"column":null}}}},"branchMap":{"0":{"loc":{"start":{"line":19,"column":4},"end":{"line":21,"column":null}},"type":"if","locations":[{"start":{"line":19,"column":4},"end":{"line":21,"column":null}},{"start":{},"end":{}}]},"1":{"loc":{"start":{"line":27,"column":4},"end":{"line":27,"column":null}},"type":"if","locations":[{"start":{"line":27,"column":4},"end":{"line":27,"column":null}},{"start":{},"end":{}}]},"2":{"loc":{"start":{"line":39,"column":23},"end":{"line":39,"column":73}},"type":"binary-expr","locations":[{"start":{"line":39,"column":23},"end":{"line":39,"column":37}},{"start":{"line":39,"column":37},"end":{"line":39,"column":73}}]}},"s":{"0":51,"1":51,"2":190,"3":51,"4":190,"5":51,"6":173,"7":51,"8":11,"9":7,"10":11,"11":51,"12":6,"13":6,"14":1,"15":5,"16":5,"17":4,"18":2,"19":2,"20":1,"21":1,"22":51,"23":1,"24":51,"25":2,"26":51,"27":3,"28":51,"29":49,"30":49,"31":49,"32":51},"f":{"0":51,"1":190,"2":190,"3":173,"4":11,"5":6,"6":2,"7":1,"8":2,"9":3,"10":49,"11":49},"b":{"0":[7,4],"1":[1,5],"2":[1,1]}}
,"D:/projects/react-test-manager/src/features/ai-lab/layouts/MainAiLabLayout.tsx": {"path":"D:/projects/react-test-manager/src/features/ai-lab/layouts/MainAiLabLayout.tsx","statementMap":{"0":{"start":{"line":12,"column":23},"end":{"line":12,"column":null}},"1":{"start":{"line":12,"column":43},"end":{"line":12,"column":57}},"2":{"start":{"line":13,"column":34},"end":{"line":13,"column":null}},"3":{"start":{"line":15,"column":2},"end":{"line":17,"column":null}},"4":{"start":{"line":16,"column":4},"end":{"line":16,"column":null}},"5":{"start":{"line":19,"column":2},"end":{"line":24,"column":null}},"6":{"start":{"line":20,"column":4},"end":{"line":20,"column":null}},"7":{"start":{"line":21,"column":4},"end":{"line":23,"column":null}},"8":{"start":{"line":22,"column":6},"end":{"line":22,"column":null}},"9":{"start":{"line":26,"column":2},"end":{"line":40,"column":null}},"10":{"start":{"line":45,"column":2},"end":{"line":50,"column":null}}},"fnMap":{"0":{"name":"AiLabLayoutContent","decl":{"start":{"line":11,"column":9},"end":{"line":11,"column":30}},"loc":{"start":{"line":11,"column":30},"end":{"line":42,"column":null}}},"1":{"name":"(anonymous_1)","decl":{"start":{"line":12,"column":23},"end":{"line":12,"column":37}},"loc":{"start":{"line":12,"column":43},"end":{"line":12,"column":57}}},"2":{"name":"(anonymous_2)","decl":{"start":{"line":15,"column":2},"end":{"line":15,"column":18}},"loc":{"start":{"line":15,"column":18},"end":{"line":17,"column":5}}},"3":{"name":"(anonymous_3)","decl":{"start":{"line":19,"column":2},"end":{"line":19,"column":18}},"loc":{"start":{"line":19,"column":18},"end":{"line":24,"column":5}}},"4":{"name":"(anonymous_4)","decl":{"start":{"line":21,"column":4},"end":{"line":21,"column":17}},"loc":{"start":{"line":21,"column":17},"end":{"line":23,"column":null}}},"5":{"name":"MainAiLabLayout","decl":{"start":{"line":44,"column":16},"end":{"line":44,"column":34}},"loc":{"start":{"line":44,"column":34},"end":{"line":52,"column":null}}}},"branchMap":{},"s":{"0":1,"1":4,"2":1,"3":1,"4":1,"5":1,"6":1,"7":1,"8":1,"9":1,"10":1},"f":{"0":1,"1":4,"2":1,"3":1,"4":1,"5":1},"b":{}}
,"D:/projects/react-test-manager/src/features/ai-lab/pages/AiHomePage.tsx": {"path":"D:/projects/react-test-manager/src/features/ai-lab/pages/AiHomePage.tsx","statementMap":{"0":{"start":{"line":16,"column":19},"end":{"line":16,"column":null}},"1":{"start":{"line":17,"column":17},"end":{"line":17,"column":null}},"2":{"start":{"line":18,"column":18},"end":{"line":18,"column":null}},"3":{"start":{"line":18,"column":39},"end":{"line":18,"column":48}},"4":{"start":{"line":19,"column":19},"end":{"line":19,"column":null}},"5":{"start":{"line":21,"column":2},"end":{"line":23,"column":null}},"6":{"start":{"line":22,"column":4},"end":{"line":22,"column":null}},"7":{"start":{"line":25,"column":23},"end":{"line":25,"column":null}},"8":{"start":{"line":27,"column":2},"end":{"line":55,"column":null}}},"fnMap":{"0":{"name":"AiHomePage","decl":{"start":{"line":15,"column":16},"end":{"line":15,"column":29}},"loc":{"start":{"line":15,"column":29},"end":{"line":57,"column":null}}},"1":{"name":"(anonymous_1)","decl":{"start":{"line":18,"column":18},"end":{"line":18,"column":33}},"loc":{"start":{"line":18,"column":39},"end":{"line":18,"column":48}}},"2":{"name":"(anonymous_2)","decl":{"start":{"line":21,"column":2},"end":{"line":21,"column":18}},"loc":{"start":{"line":21,"column":18},"end":{"line":23,"column":5}}}},"branchMap":{"0":{"loc":{"start":{"line":17,"column":17},"end":{"line":17,"column":null}},"type":"cond-expr","locations":[{"start":{"line":17,"column":35},"end":{"line":17,"column":54}},{"start":{"line":17,"column":54},"end":{"line":17,"column":null}}]},"1":{"loc":{"start":{"line":25,"column":23},"end":{"line":25,"column":null}},"type":"binary-expr","locations":[{"start":{"line":25,"column":23},"end":{"line":25,"column":45}},{"start":{"line":25,"column":45},"end":{"line":25,"column":null}}]},"2":{"loc":{"start":{"line":29,"column":7},"end":{"line":52,"column":null}},"type":"cond-expr","locations":[{"start":{"line":30,"column":8},"end":{"line":52,"column":null}},{"start":{"line":52,"column":10},"end":{"line":52,"column":null}}]},"3":{"loc":{"start":{"line":48,"column":15},"end":{"line":48,"column":null}},"type":"cond-expr","locations":[{"start":{"line":48,"column":36},"end":{"line":48,"column":null}},{"start":{"line":48,"column":58},"end":{"line":48,"column":null}}]}},"s":{"0":9,"1":9,"2":9,"3":29,"4":9,"5":9,"6":4,"7":9,"8":9},"f":{"0":9,"1":29,"2":4},"b":{"0":[1,8],"1":[9,7],"2":[7,2],"3":[2,5]}}
,"D:/projects/react-test-manager/src/features/ai-lab/pages/ImageGeneratorPage.tsx": {"path":"D:/projects/react-test-manager/src/features/ai-lab/pages/ImageGeneratorPage.tsx","statementMap":{"0":{"start":{"line":16,"column":19},"end":{"line":16,"column":null}},"1":{"start":{"line":16,"column":40},"end":{"line":16,"column":50}},"2":{"start":{"line":17,"column":24},"end":{"line":17,"column":null}},"3":{"start":{"line":18,"column":24},"end":{"line":18,"column":null}},"4":{"start":{"line":20,"column":2},"end":{"line":22,"column":null}},"5":{"start":{"line":21,"column":4},"end":{"line":21,"column":null}},"6":{"start":{"line":24,"column":23},"end":{"line":24,"column":null}},"7":{"start":{"line":26,"column":2},"end":{"line":68,"column":null}},"8":{"start":{"line":57,"column":31},"end":{"line":57,"column":null}}},"fnMap":{"0":{"name":"ImageGeneratorPage","decl":{"start":{"line":15,"column":16},"end":{"line":15,"column":37}},"loc":{"start":{"line":15,"column":37},"end":{"line":70,"column":null}}},"1":{"name":"(anonymous_1)","decl":{"start":{"line":16,"column":19},"end":{"line":16,"column":34}},"loc":{"start":{"line":16,"column":40},"end":{"line":16,"column":50}}},"2":{"name":"(anonymous_2)","decl":{"start":{"line":20,"column":2},"end":{"line":20,"column":18}},"loc":{"start":{"line":20,"column":18},"end":{"line":22,"column":5}}},"3":{"name":"(anonymous_3)","decl":{"start":{"line":57,"column":16},"end":{"line":57,"column":31}},"loc":{"start":{"line":57,"column":31},"end":{"line":57,"column":null}}}},"branchMap":{"0":{"loc":{"start":{"line":24,"column":23},"end":{"line":24,"column":null}},"type":"binary-expr","locations":[{"start":{"line":24,"column":23},"end":{"line":24,"column":50}},{"start":{"line":24,"column":50},"end":{"line":24,"column":null}}]},"1":{"loc":{"start":{"line":28,"column":7},"end":{"line":65,"column":null}},"type":"cond-expr","locations":[{"start":{"line":29,"column":8},"end":{"line":65,"column":null}},{"start":{"line":65,"column":10},"end":{"line":65,"column":null}}]},"2":{"loc":{"start":{"line":30,"column":11},"end":{"line":62,"column":null}},"type":"cond-expr","locations":[{"start":{"line":31,"column":12},"end":{"line":40,"column":13}},{"start":{"line":40,"column":12},"end":{"line":62,"column":null}}]},"3":{"loc":{"start":{"line":57,"column":31},"end":{"line":57,"column":null}},"type":"binary-expr","locations":[{"start":{"line":57,"column":31},"end":{"line":57,"column":43}},{"start":{"line":57,"column":43},"end":{"line":57,"column":null}}]},"4":{"loc":{"start":{"line":58,"column":26},"end":{"line":58,"column":null}},"type":"binary-expr","locations":[{"start":{"line":58,"column":26},"end":{"line":58,"column":39}},{"start":{"line":58,"column":39},"end":{"line":58,"column":null}}]}},"s":{"0":6,"1":19,"2":6,"3":6,"4":6,"5":4,"6":6,"7":6,"8":1},"f":{"0":6,"1":19,"2":4,"3":1},"b":{"0":[6,5],"1":[5,1],"2":[1,4],"3":[1,1],"4":[4,4]}}
,"D:/projects/react-test-manager/src/features/ai-lab/pages/RealtimeChatPage.tsx": {"path":"D:/projects/react-test-manager/src/features/ai-lab/pages/RealtimeChatPage.tsx","statementMap":{"0":{"start":{"line":9,"column":26},"end":{"line":9,"column":null}},"1":{"start":{"line":9,"column":47},"end":{"line":9,"column":64}},"2":{"start":{"line":11,"column":2},"end":{"line":13,"column":null}},"3":{"start":{"line":12,"column":4},"end":{"line":12,"column":null}},"4":{"start":{"line":15,"column":2},"end":{"line":19,"column":null}}},"fnMap":{"0":{"name":"RealtimeChatPage","decl":{"start":{"line":8,"column":16},"end":{"line":8,"column":35}},"loc":{"start":{"line":8,"column":35},"end":{"line":21,"column":null}}},"1":{"name":"(anonymous_1)","decl":{"start":{"line":9,"column":26},"end":{"line":9,"column":41}},"loc":{"start":{"line":9,"column":47},"end":{"line":9,"column":64}}},"2":{"name":"(anonymous_2)","decl":{"start":{"line":11,"column":2},"end":{"line":11,"column":18}},"loc":{"start":{"line":11,"column":18},"end":{"line":13,"column":5}}}},"branchMap":{},"s":{"0":3,"1":11,"2":3,"3":2,"4":3},"f":{"0":3,"1":11,"2":2},"b":{}}
,"D:/projects/react-test-manager/src/features/ai-lab/pages/VoiceGeneratorPage.tsx": {"path":"D:/projects/react-test-manager/src/features/ai-lab/pages/VoiceGeneratorPage.tsx","statementMap":{"0":{"start":{"line":16,"column":19},"end":{"line":16,"column":null}},"1":{"start":{"line":17,"column":17},"end":{"line":17,"column":null}},"2":{"start":{"line":18,"column":23},"end":{"line":18,"column":null}},"3":{"start":{"line":18,"column":44},"end":{"line":18,"column":58}},"4":{"start":{"line":19,"column":24},"end":{"line":19,"column":null}},"5":{"start":{"line":21,"column":2},"end":{"line":23,"column":null}},"6":{"start":{"line":22,"column":4},"end":{"line":22,"column":null}},"7":{"start":{"line":25,"column":23},"end":{"line":25,"column":null}},"8":{"start":{"line":27,"column":2},"end":{"line":61,"column":null}}},"fnMap":{"0":{"name":"VoiceGeneratorPage","decl":{"start":{"line":15,"column":16},"end":{"line":15,"column":37}},"loc":{"start":{"line":15,"column":37},"end":{"line":63,"column":null}}},"1":{"name":"(anonymous_1)","decl":{"start":{"line":18,"column":23},"end":{"line":18,"column":38}},"loc":{"start":{"line":18,"column":44},"end":{"line":18,"column":58}}},"2":{"name":"(anonymous_2)","decl":{"start":{"line":21,"column":2},"end":{"line":21,"column":18}},"loc":{"start":{"line":21,"column":18},"end":{"line":23,"column":5}}}},"branchMap":{"0":{"loc":{"start":{"line":17,"column":17},"end":{"line":17,"column":null}},"type":"cond-expr","locations":[{"start":{"line":17,"column":35},"end":{"line":17,"column":54}},{"start":{"line":17,"column":54},"end":{"line":17,"column":null}}]},"1":{"loc":{"start":{"line":25,"column":23},"end":{"line":25,"column":null}},"type":"binary-expr","locations":[{"start":{"line":25,"column":23},"end":{"line":25,"column":50}},{"start":{"line":25,"column":50},"end":{"line":25,"column":null}}]},"2":{"loc":{"start":{"line":29,"column":7},"end":{"line":58,"column":null}},"type":"cond-expr","locations":[{"start":{"line":30,"column":8},"end":{"line":58,"column":null}},{"start":{"line":58,"column":10},"end":{"line":58,"column":null}}]},"3":{"loc":{"start":{"line":45,"column":15},"end":{"line":53,"column":null}},"type":"cond-expr","locations":[{"start":{"line":46,"column":16},"end":{"line":48,"column":17}},{"start":{"line":48,"column":16},"end":{"line":53,"column":null}}]}},"s":{"0":9,"1":9,"2":9,"3":28,"4":9,"5":9,"6":4,"7":9,"8":9},"f":{"0":9,"1":28,"2":4},"b":{"0":[1,8],"1":[9,7],"2":[7,2],"3":[2,5]}}
,"D:/projects/react-test-manager/src/features/ai-lab/store/ai-lab.store.ts": {"path":"D:/projects/react-test-manager/src/features/ai-lab/store/ai-lab.store.ts","statementMap":{"0":{"start":{"line":23,"column":29},"end":{"line":48,"column":null}},"1":{"start":{"line":23,"column":58},"end":{"line":48,"column":2}},"2":{"start":{"line":31,"column":27},"end":{"line":31,"column":null}},"3":{"start":{"line":32,"column":29},"end":{"line":32,"column":null}},"4":{"start":{"line":33,"column":37},"end":{"line":33,"column":null}},"5":{"start":{"line":34,"column":43},"end":{"line":34,"column":null}},"6":{"start":{"line":36,"column":4},"end":{"line":36,"column":null}},"7":{"start":{"line":36,"column":20},"end":{"line":36,"column":71}},"8":{"start":{"line":38,"column":4},"end":{"line":40,"column":null}},"9":{"start":{"line":38,"column":20},"end":{"line":40,"column":6}},"10":{"start":{"line":39,"column":64},"end":{"line":39,"column":83}},"11":{"start":{"line":42,"column":4},"end":{"line":45,"column":null}},"12":{"start":{"line":42,"column":20},"end":{"line":45,"column":6}},"13":{"start":{"line":46,"column":43},"end":{"line":46,"column":null}},"14":{"start":{"line":47,"column":31},"end":{"line":47,"column":null}}},"fnMap":{"0":{"name":"(anonymous_0)","decl":{"start":{"line":23,"column":29},"end":{"line":23,"column":49}},"loc":{"start":{"line":23,"column":58},"end":{"line":48,"column":2}}},"1":{"name":"(anonymous_1)","decl":{"start":{"line":31,"column":2},"end":{"line":31,"column":15}},"loc":{"start":{"line":31,"column":27},"end":{"line":31,"column":null}}},"2":{"name":"(anonymous_2)","decl":{"start":{"line":32,"column":2},"end":{"line":32,"column":16}},"loc":{"start":{"line":32,"column":29},"end":{"line":32,"column":null}}},"3":{"name":"(anonymous_3)","decl":{"start":{"line":33,"column":2},"end":{"line":33,"column":20}},"loc":{"start":{"line":33,"column":37},"end":{"line":33,"column":null}}},"4":{"name":"(anonymous_4)","decl":{"start":{"line":34,"column":2},"end":{"line":34,"column":23}},"loc":{"start":{"line":34,"column":43},"end":{"line":34,"column":null}}},"5":{"name":"(anonymous_5)","decl":{"start":{"line":35,"column":2},"end":{"line":35,"column":20}},"loc":{"start":{"line":36,"column":4},"end":{"line":36,"column":null}}},"6":{"name":"(anonymous_6)","decl":{"start":{"line":36,"column":4},"end":{"line":36,"column":9}},"loc":{"start":{"line":36,"column":20},"end":{"line":36,"column":71}}},"7":{"name":"(anonymous_7)","decl":{"start":{"line":37,"column":2},"end":{"line":37,"column":24}},"loc":{"start":{"line":38,"column":4},"end":{"line":40,"column":null}}},"8":{"name":"(anonymous_8)","decl":
[...]
,"D:/projects/react-test-manager/src/features/taberna/product/pages/ProductHomePage.tsx": {"path":"D:/projects/react-test-manager/src/features/taberna/product/pages/ProductHomePage.tsx","statementMap":{"0":{"start":{"line":9,"column":45},"end":{"line":9,"column":null}},"1":{"start":{"line":10,"column":18},"end":{"line":10,"column":null}},"2":{"start":{"line":11,"column":24},"end":{"line":11,"column":null}},"3":{"start":{"line":12,"column":21},"end":{"line":12,"column":null}},"4":{"start":{"line":14,"column":2},"end":{"line":48,"column":null}},"5":{"start":{"line":15,"column":26},"end":{"line":15,"column":null}},"6":{"start":{"line":16,"column":4},"end":{"line":16,"column":null}},"7":{"start":{"line":16,"column":31},"end":{"line":16,"column":null}},"8":{"start":{"line":18,"column":33},"end":{"line":18,"column":null}},"9":{"start":{"line":20,"column":10},"end":{"line":33,"column":null}},"10":{"start":{"line":21,"column":6},"end":{"line":21,"column":null}},"11":{"start":{"line":22,"column":19},"end":{"line":22,"column":null}},"12":{"start":{"line":23,"column":25},"end":{"line":23,"column":null}},"13":{"start":{"line":24,"column":22},"end":{"line":24,"column":null}},"14":{"start":{"line":25,"column":6},"end":{"line":25,"column":null}},"15":{"start":{"line":25,"column":44},"end":{"line":25,"column":null}},"16":{"start":{"line":27,"column":19},"end":{"line":27,"column":null}},"17":{"start":{"line":28,"column":6},"end":{"line":28,"column":null}},"18":{"start":{"line":28,"column":60},"end":{"line":28,"column":null}},"19":{"start":{"line":30,"column":21},"end":{"line":30,"column":null}},"20":{"start":{"line":31,"column":6},"end":{"line":31,"column":null}},"21":{"start":{"line":32,"column":6},"end":{"line":32,"column":null}},"22":{"start":{"line":35,"column":10},"end":{"line":39,"column":null}},"23":{"start":{"line":36,"column":6},"end":{"line":38,"column":null}},"24":{"start":{"line":37,"column":8},"end":{"line":37,"column":null}},"25":{"start":{"line":41,"column":4},"end":{"line":41,"column":null}},"26":{"start":{"line":42,"column":4},"end":{"line":42,"column":null}},"27":{"start":{"line":44,"column":4},"end":{"line":47,"column":null}},"28":{"start":{"line":45,"column":6},"end":{"line":45,"column":null}},"29":{"start":{"line":46,"column":6},"end":{"line":46,"column":null}},"30":{"start":{"line":46,"column":28},"end":{"line":46,"column":null}},"31":{"start":{"line":50,"column":2},"end":{"line":135,"column":null}},"32":{"start":{"line":127,"column":16},"end":{"line":127,"column":null}}},"fnMap":{"0":{"name":"ProductHomePage","decl":{"start":{"line":8,"column":16},"end":{"line":8,"column":34}},"loc":{"start":{"line":8,"column":34},"end":{"line":137,"column":null}}},"1":{"name":"(anonymous_1)","decl":{"start":{"line":14,"column":2},"end":{"line":14,"column":18}},"loc":{"start":{"line":14,"column":18},"end":{"line":48,"column":5}}},"2":{"name":"(anonymous_2)","decl":{"start":{"line":20,"column":10},"end":{"line":20,"column":33}},"loc":{"start":{"line":20,"column":33},"end":{"line":33,"column":null}}},"3":{"name":"(anonymous_3)","decl":{"start":{"line":35,"column":10},"end":{"line":35,"column":31}},"loc":{"start":{"line":35,"column":31},"end":{"line":39,"column":null}}},"4":{"name":"(anonymous_4)","decl":{"start":{"line":44,"column":4},"end":{"line":44,"column":17}},"loc":{"start":{"line":44,"column":17},"end":{"line":47,"column":null}}},"5":{"name":"(anonymous_5)","decl":{"start":{"line":126,"column":14},"end":{"line":126,"column":27}},"loc":{"start":{"line":127,"column":16},"end":{"line":127,"column":null}}}},"branchMap":{"0":{"loc":{"start":{"line":9,"column":16},"end":{"line":9,"column":31}},"type":"default-arg","locations":[{"start":{"line":9,"column":27},"end":{"line":9,"column":31}}]},"1":{"loc":{"start":{"line":16,"column":4},"end":{"line":16,"column":null}},"type":"if","locations":[{"start":{"line":16,"column":4},"end":{"line":16,"column":null}},{"start":{},"end":{}}]},"2":{"loc":{"start":{"line":25,"column":6},"end":{"line":25,"column":null}},"type":"if","locations":[{"start":{"line":25,"column":6},"end":{"line":25,"column":null}},{"start":{},"end":{}}]},"3":{"loc":{"start":{"line":25,"column":10},"end":{"line":25,"column":44}},"type":"binary-expr","locations":[{"start":{"line":25,"column":10},"end":{"line":25,"column":19}},{"start":{"line":25,"column":19},"end":{"line":25,"column":34}},{"start":{"line":25,"column":34},"end":{"line":25,"column":44}}]},"4":{"loc":{"start":{"line":28,"column":6},"end":{"line":28,"column":null}},"type":"if","locations":[{"start":{"line":28,"column":6},"end":{"line":28,"column":null}},{"start":{},"end":{}}]},"5":{"loc":{"start":{"line":28,"column":10},"end":{"line":28,"column":60}},"type":"binary-expr","locations":[{"start":{"line":28,"column":10},"end":{"line":28,"column":29}},{"start":{"line":28,"column":29},"end":{"line":28,"column":60}}]},"6":{"loc":{"start":{"line":36,"column":6},"end":{"line":38,"column":null}},"type":"if","locations":[{"start":{"line":36,"column":6},"end":{"line":38,"column":null}},{"start":{},"end":{}}]},"7":{"loc":{"start":{"line":46,"column":6},"end":{"line":46,"column":null}},"type":"if","locations":[{"start":{"line":46,"column":6},"end":{"line":46,"column":null}},{"start":{},"end":{}}]}},"s":{"0":0,"1":0,"2":0,"3":0,"4":0,"5":0,"6":0,"7":0,"8":0,"9":0,"10":0,"11":0,"12":0,"13":0,"14":0,"15":0,"16":0,"17":0,"18":0,"19":0,"20":0,"21":0,"22":0,"23":0,"24":0,"25":0,"26":0,"27":0,"28":0,"29":0,"30":0,"31":0,"32":0},"f":{"0":0,"1":0,"2":0,"3":0,"4":0,"5":0},"b":{"0":[0],"1":[0,0],"2":[0,0],"3":[0,0,0],"4":[0,0],"5":[0,0],"6":[0,0],"7":[0,0]}}
,"D:/projects/react-test-manager/src/features/taberna/product/pages/SearchPage.tsx": {"path":"D:/projects/react-test-manager/src/features/taberna/product/pages/SearchPage.tsx","statementMap":{"0":{"start":{"line":8,"column":19},"end":{"line":8,"column":null}},"1":{"start":{"line":9,"column":16},"end":{"line":9,"column":null}},"2":{"start":{"line":10,"column":57},"end":{"line":10,"column":null}},"3":{"start":{"line":11,"column":18},"end":{"line":11,"column":null}},"4":{"start":{"line":13,"column":2},"end":{"line":32,"column":null}}},"fnMap":{"0":{"name":"SearchPage","decl":{"start":{"line":7,"column":16},"end":{"line":7,"column":29}},"loc":{"start":{"line":7,"column":29},"end":{"line":34,"column":null}}}},"branchMap":{"0":{"loc":{"start":{"line":9,"column":16},"end":{"line":9,"column":null}},"type":"binary-expr","locations":[{"start":{"line":9,"column":16},"end":{"line":9,"column":39}},{"start":{"line":9,"column":39},"end":{"line":9,"column":null}}]},"1":{"loc":{"start":{"line":10,"column":16},"end":{"line":10,"column":31}},"type":"default-arg","locations":[{"start":{"line":10,"column":27},"end":{"line":10,"column":31}}]},"2":{"loc":{"start":{"line":11,"column":18},"end":{"line":11,"column":null}},"type":"binary-expr","locations":[{"start":{"line":11,"column":18},"end":{"line":11,"column":44}},{"start":{"line":11,"column":44},"end":{"line":11,"column":57}},{"start":{"line":11,"column":57},"end":{"line":11,"column":null}}]},"3":{"loc":{"start":{"line":16,"column":9},"end":{"line":16,"column":null}},"type":"cond-expr","locations":[{"start":{"line":16,"column":17},"end":{"line":16,"column":45}},{"start":{"line":16,"column":45},"end":{"line":16,"column":null}}]},"4":{"loc":{"start":{"line":19,"column":7},"end":{"line":32,"column":null}},"type":"cond-expr","locations":[{"start":{"line":20,"column":8},"end":{"line":23,"column":null}},{"start":{"line":23,"column":10},"end":{"line":32,"column":null}}]},"5":{"loc":{"start":{"line":23,"column":10},"end":{"line":32,"column":null}},"type":"cond-expr","locations":[{"start":{"line":24,"column":8},"end":{"line":25,"column":19}},{"start":{"line":25,"column":10},"end":{"line":32,"column":null}}]},"6":{"loc":{"start":{"line":25,"column":10},"end":{"line":32,"column":null}},"type":"cond-expr","locations":[{"start":{"line":26,"column":8},"end":{"line":28,"column":9}},{"start":{"line":28,"column":8},"end":{"line":32,"column":null}}]}},"s":{"0":0,"1":0,"2":0,"3":0,"4":0},"f":{"0":0},"b":{"0":[0,0],"1":[0],"2":[0,0,0],"3":[0,0],"4":[0,0],"5":[0,0],"6":[0,0]}}
,"D:/projects/react-test-manager/src/features/taberna/profiles/api/profiles.ts": {"path":"D:/projects/react-test-manager/src/features/taberna/profiles/api/profiles.ts","statementMap":{"0":{"start":{"line":7,"column":22},"end":{"line":7,"column":null}},"1":{"start":{"line":33,"column":19},"end":{"line":33,"column":null}},"2":{"start":{"line":34,"column":2},"end":{"line":34,"column":null}}},"fnMap":{"0":{"name":"fetchUserOrders","decl":{"start":{"line":32,"column":22},"end":{"line":32,"column":69}},"loc":{"start":{"line":32,"column":69},"end":{"line":35,"column":null}}}},"branchMap":{},"s":{"0":0,"1":0,"2":0},"f":{"0":0},"b":{}}
,"D:/projects/react-test-manager/src/features/taberna/profiles/components/OrderSummary.tsx": {"path":"D:/projects/react-test-manager/src/features/taberna/profiles/components/OrderSummary.tsx","statementMap":{"0":{"start":{"line":22,"column":2},"end":{"line":22,"column":null}},"1":{"start":{"line":26,"column":2},"end":{"line":105,"column":null}},"2":{"start":{"line":68,"column":14},"end":{"line":100,"column":null}},"3":{"start":{"line":90,"column":24},"end":{"line":92,"column":null}}},"fnMap":{"0":{"name":"lineTotal","decl":{"start":{"line":21,"column":9},"end":{"line":21,"column":19}},"loc":{"start":{"line":21,"column":58},"end":{"line":23,"column":null}}},"1":{"name":"OrderSummary","decl":{"start":{"line":25,"column":16},"end":{"line":25,"column":29}},"loc":{"start":{"line":25,"column":59},"end":{"line":107,"column":null}}},"2":{"name":"(anonymous_2)","decl":{"start":{"line":67,"column":34},"end":{"line":67,"column":39}},"loc":{"start":{"line":68,"column":14},"end":{"line":100,"column":null}}},"3":{"name":"(anonymous_3)","decl":{"start":{"line":89,"column":39},"end":{"line":89,"column":44}},"loc":{"start":{"line":90,"column":24},"end":{"line":92,"column":null}}}},"branchMap":{"0":{"loc":{"start":{"line":35,"column":13},"end":{"line":39,"column":null}},"type":"cond-expr","locations":[{"start":{"line":36,"column":14},"end":{"line":39,"column":null}},{"start":{"line":39,"column":16},"end":{"line":39,"column":null}}]},"1":{"loc":{"start":{"line":40,"column":13},"end":{"line":44,"column":null}},"type":"cond-expr","locations":[{"start":{"line":41,"column":14},"end":{"line":44,"column":null}},{"start":{"line":44,"column":16},"end":{"line":44,"column":null}}]},"2":{"loc":{"start":{"line":87,"column":19},"end":{"line":95,"column":null}},"type":"cond-expr","locations":[{"start":{"line":88,"column":20},"end":{"line":95,"column":null}},{"start":{"line":95,"column":22},"end":{"line":95,"column":null}}]}},"s":{"0":0,"1":0,"2":0,"3":0},"f":{"0":0,"1":0,"2":0,"3":0},"b":{"0":[0,0],"1":[0,0],"2":[0,0]}}
,"D:/projects/react-test-manager/src/features/taberna/profiles/hooks/useOrderHistory.ts": {"path":"D:/projects/react-test-manager/src/features/taberna/profiles/hooks/useOrderHistory.ts","statementMap":{"0":{"start":{"line":8,"column":18},"end":{"line":8,"column":null}},"1":{"start":{"line":8,"column":39},"end":{"line":8,"column":48}},"2":{"start":{"line":9,"column":16},"end":{"line":12,"column":null}},"3":{"start":{"line":14,"column":2},"end":{"line":18,"column":null}},"4":{"start":{"line":15,"column":4},"end":{"line":17,"column":null}},"5":{"start":{"line":16,"column":6},"end":{"line":16,"column":null}},"6":{"start":{"line":20,"column":2},"end":{"line":20,"column":null}}},"fnMap":{"0":{"name":"useOrderHistory","decl":{"start":{"line":7,"column":16},"end":{"line":7,"column":34}},"loc":{"start":{"line":7,"column":34},"end":{"line":21,"column":null}}},"1":{"name":"(anonymous_1)","decl":{"start":{"line":8,"column":18},"end":{"line":8,"column":33}},"loc":{"start":{"line":8,"column":39},"end":{"line":8,"column":48}}},"2":{"name":"(anonymous_2)","decl":{"start":{"line":14,"column":2},"end":{"line":14,"column":18}},"loc":{"start":{"line":14,"column":18},"end":{"line":18,"column":5}}}},"branchMap":{"0":{"loc":{"start":{"line":15,"column":4},"end":{"line":17,"column":null}},"type":"if","locations":[{"start":{"line":15,"column":4},"end":{"line":17,"column":null}},{"start":{},"end":{}}]}},"s":{"0":0,"1":0,"2":0,"3":0,"4":0,"5":0,"6":0},"f":{"0":0,"1":0,"2":0},"b":{"0":[0,0]}}
,"D:/projects/react-test-manager/src/features/taberna/profiles/pages/DashboardPage.tsx": {"path":"D:/projects/react-test-manager/src/features/taberna/profiles/pages/DashboardPage.tsx","statementMap":{"0":{"start":{"line":9,"column":43},"end":{"line":9,"column":null}},"1":{"start":{"line":10,"column":20},"end":{"line":10,"column":null}},"2":{"start":{"line":12,"column":2},"end":{"line":25,"column":null}},"3":{"start":{"line":19,"column":30},"end":{"line":19,"column":75}}},"fnMap":{"0":{"name":"DashboardPage","decl":{"start":{"line":8,"column":16},"end":{"line":8,"column":32}},"loc":{"start":{"line":8,"column":32},"end":{"line":27,"column":null}}},"1":{"name":"(anonymous_1)","decl":{"start":{"line":19,"column":15},"end":{"line":19,"column":20}},"loc":{"start":{"line":19,"column":30},"end":{"line":19,"column":75}}}},"branchMap":{"0":{"loc":{"start":{"line":9,"column":16},"end":{"line":9,"column":29}},"type":"default-arg","locations":[{"start":{"line":9,"column":25},"end":{"line":9,"column":29}}]},"1":{"loc":{"start":{"line":14,"column":7},"end":{"line":23,"column":null}},"type":"cond-expr","locations":[{"start":{"line":15,"column":8},"end":{"line":18,"column":null}},{"start":{"line":18,"column":10},"end":{"line":23,"column":null}}]},"2":{"loc":{"start":{"line":18,"column":10},"end":{"line":23,"column":null}},"type":"cond-expr","locations":[{"start":{"line":19,"column":8},"end":{"line":19,"column":null}},{"start":{"line":21,"column":8},"end":{"line":23,"column":null}}]}},"s":{"0":0,"1":0,"2":0,"3":0},"f":{"0":0,"1":0},"b":{"0":[0],"1":[0,0],"2":[0,0]}}
,"D:/projects/react-test-manager/src/features/taberna/profiles/pages/TabernaLoginPage.tsx": {"path":"D:/projects/react-test-manager/src/features/taberna/profiles/pages/TabernaLoginPage.tsx","statementMap":{"0":{"start":{"line":15,"column":16},"end":{"line":15,"column":null}},"1":{"start":{"line":15,"column":36},"end":{"line":15,"column":43}},"2":{"start":{"line":16,"column":17},"end":{"line":16,"column":null}},"3":{"start":{"line":16,"column":37},"end":{"line":16,"column":45}},"4":{"start":{"line":17,"column":19},"end":{"line":17,"column":null}},"5":{"start":{"line":17,"column":39},"end":{"line":17,"column":49}},"6":{"start":{"line":18,"column":22},"end":{"line":18,"column":null}},"7":{"start":{"line":18,"column":42},"end":{"line":18,"column":55}},"8":{"start":{"line":19,"column":18},"end":{"line":19,"column":null}},"9":{"start":{"line":19,"column":39},"end":{"line":19,"column":48}},"10":{"start":{"line":20,"column":19},"end":{"line":20,"column":null}},"11":{"start":{"line":21,"column":25},"end":{"line":21,"column":null}},"12":{"start":{"line":22,"column":42},"end":{"line":22,"column":null}},"13":{"start":{"line":24,"column":2},"end":{"line":28,"column":null}},"14":{"start":{"line":25,"column":4},"end":{"line":27,"column":null}},"15":{"start":{"line":26,"column":6},"end":{"line":26,"column":null}},"16":{"start":{"line":30,"column":19},"end":{"line":44,"column":null}},"17":{"start":{"line":31,"column":4},"end":{"line":31,"column":null}},"18":{"start":{"line":32,"column":4},"end":{"line":43,"column":null}},"19":{"start":{"line":33,"column":6},"end":{"line":33,"column":null}},"20":{"start":{"line":34,"column":6},"end":{"line":34,"column":null}},"21":{"start":{"line":35,"column":6},"end":{"line":35,"column":null}},"22":{"start":{"line":36,"column":6},"end":{"line":36,"column":null}},"23":{"start":{"line":37,"column":23},"end":{"line":37,"column":null}},"24":{"start":{"line":38,"column":6},"end":{"line":38,"column":null}},"25":{"start":{"line":40,"column":6},"end":{"line":40,"column":null}},"26":{"start":{"line":42,"column":6},"end":{"line":42,"column":null}},"27":{"start":{"line":46,"column":2},"end":{"line":65,"column":null}},"28":{"start":{"line":60,"column":35},"end":{"line":60,"column":null}}},"fnMap":{"0":{"name":"TabernaLoginPage","decl":{"start":{"line":14,"column":16},"end":{"line":14,"column":35}},"loc":{"start":{"line":14,"column":35},"end":{"line":67,"column":null}}},"1":{"name":"(anonymous_1)","decl":{"start":{"line":15,"column":16},"end":{"line":15,"column":30}},"loc":{"start":{"line":15,"column":36},"end":{"line":15,"column":43}}},"2":{"name":"(anonymous_2)","decl":{"start":{"line":16,"column":17},"end":{"line":16,"column":31}},"loc":{"start":{"line":16,"column":37},"end":{"line":16,"column":45}}},"3":{"name":"(anonymous_3)","decl":{"start":{"line":17,"column":19},"end":{"line":17,"column":33}},"loc":{"start":{"line":17,"column":39},"end":{"line":17,"column":49}}},"4":{"name":"(anonymous_4)","decl":{"start":{"line":18,"column":22},"end":{"line":18,"column":36}},"loc":{"start":{"line":18,"column":42},"end":{"line":18,"column":55}}},"5":{"name":"(anonymous_5)","decl":{"start":{"line":19,"column":18},"end":{"line":19,"column":33}},"loc":{"start":{"line":19,"column":39},"end":{"line":19,"column":48}}},"6":{"name":"(anonymous_6)","decl":{"start":{"line":24,"column":2},"end":{"line":24,"column":18}},"loc":{"start":{"line":24,"column":18},"end":{"line":28,"column":5}}},"7":{"name":"(anonymous_7)","decl":{"start":{"line":30,"column":19},"end":{"line":30,"column":26}},"loc":{"start":{"line":30,"column":54},"end":{"line":44,"column":null}}},"8":{"name":"(anonymous_8)","decl":{"start":{"line":60,"column":12},"end":{"line":60,"column":35}},"loc":{"start":{"line":60,"column":35},"end":{"line":60,"column":null}}}},"branchMap":{"0":{"loc":{"start":{"line":25,"column":4},"end":{"line":27,"column":null}},"type":"if","locations":[{"start":{"line":25,"column":4},"end":{"line":27,"column":null}},{"start":{},"end":{}}]},"1":{"loc":{"start":{"line":37,"column":23},"end":{"line":37,"column":null}},"type":"binary-expr","locations":[{"start":{"line":37,"column":23},"end":{"line":37,"column":55}},{"start":{"line":37,"column":55},"end":{"line":37,"column":null}}]},"2":{"loc":{"start":{"line":53,"column":11},"end":{"line":57,"column":null}},"type":"cond-expr","locations":[{"start":{"line":54,"column":12},"end":{"line":57,"column":null}},{"start":{"line":57,"column":14},"end":{"line":57,"column":null}}]}},"s":{"0":0,"1":0,"2":0,"3":0,"4":0,"5":0,"6":0,"7":0,"8":0,"9":0,"10":0,"11":0,"12":0,"13":0,"14":0,"15":0,"16":0,"17":0,"18":0,"19":0,"20":0,"21":0,"22":0,"23":0,"24":0,"25":0,"26":0,"27":0,"28":0},"f":{"0":0,"1":0,"2":0,"3":0,"4":0,"5":0,"6":0,"7":0,"8":0},"b":{"0":[0,0],"1":[0,0],"2":[0,0]}}
}
